This file contains any messages produced by compilers while
running configure, to aid debugging if configure makes a mistake.

It was created by libunwind configure 1.0, which was
generated by GNU Autoconf 2.69.  Invocation command line was

  $ /root/.cargo/git/checkouts/teaclave-sgx-sdk-be25c2ad2f03718d/a6a172e/sgx_unwind/../sgx_unwind/libunwind/configure --enable-shared=no --disable-block-signals --enable-debug=no --enable-debug-frame=no --enable-cxx-exceptions --host=x86_64-unknown-linux-gnu --build=x86_64-unknown-linux-gnu

## --------- ##
## Platform. ##
## --------- ##

hostname = 55cb45760db7
uname -m = x86_64
uname -r = 5.11.0-40-generic
uname -s = Linux
uname -v = #44~20.04.2-Ubuntu SMP Tue Oct 26 18:07:44 UTC 2021

/usr/bin/uname -p = unknown
/bin/uname -X     = unknown

/bin/arch              = unknown
/usr/bin/arch -k       = unknown
/usr/convex/getsysinfo = unknown
/usr/bin/hostinfo      = unknown
/bin/machine           = unknown
/usr/bin/oslevel       = unknown
/bin/universe          = unknown

PATH: /root/.cargo/bin
PATH: /root/.cargo/bin
PATH: /usr/local/sbin
PATH: /usr/local/bin
PATH: /usr/sbin
PATH: /usr/bin
PATH: /sbin
PATH: /bin
PATH: /opt/sgxsdk/bin
PATH: /opt/sgxsdk/bin/x64


## ----------- ##
## Core tests. ##
## ----------- ##

configure:2818: checking build system type
configure:2832: result: x86_64-unknown-linux-gnu
configure:2852: checking host system type
configure:2865: result: x86_64-unknown-linux-gnu
configure:2885: checking target system type
configure:2898: result: x86_64-unknown-linux-gnu
configure:2941: checking for a BSD-compatible install
configure:3009: result: /usr/bin/install -c
configure:3020: checking whether build environment is sane
configure:3075: result: yes
configure:3226: checking for a thread-safe mkdir -p
configure:3265: result: /bin/mkdir -p
configure:3272: checking for gawk
configure:3302: result: no
configure:3272: checking for mawk
configure:3288: found /usr/bin/mawk
configure:3299: result: mawk
configure:3310: checking whether make sets $(MAKE)
configure:3332: result: yes
configure:3361: checking whether make supports nested variables
configure:3378: result: yes
configure:3505: checking whether to enable maintainer-specific portions of Makefiles
configure:3514: result: no
configure:3538: checking for x86_64-unknown-linux-gnu-gcc
configure:3568: result: no
configure:3578: checking for gcc
configure:3594: found /usr/bin/gcc
configure:3605: result: gcc
configure:3834: checking for C compiler version
configure:3843: gcc --version >&5
gcc (Ubuntu 7.5.0-3ubuntu1~18.04) 7.5.0
Copyright (C) 2017 Free Software Foundation, Inc.
This is free software; see the source for copying conditions.  There is NO
warranty; not even for MERCHANTABILITY or FITNESS FOR A PARTICULAR PURPOSE.

configure:3854: $? = 0
configure:3843: gcc -v >&5
Using built-in specs.
COLLECT_GCC=gcc
COLLECT_LTO_WRAPPER=/usr/lib/gcc/x86_64-linux-gnu/7/lto-wrapper
OFFLOAD_TARGET_NAMES=nvptx-none
OFFLOAD_TARGET_DEFAULT=1
Target: x86_64-linux-gnu
Configured with: ../src/configure -v --with-pkgversion='Ubuntu 7.5.0-3ubuntu1~18.04' --with-bugurl=file:///usr/share/doc/gcc-7/README.Bugs --enable-languages=c,ada,c++,go,brig,d,fortran,objc,obj-c++ --prefix=/usr --with-gcc-major-version-only --program-suffix=-7 --program-prefix=x86_64-linux-gnu- --enable-shared --enable-linker-build-id --libexecdir=/usr/lib --without-included-gettext --enable-threads=posix --libdir=/usr/lib --enable-nls --enable-bootstrap --enable-clocale=gnu --enable-libstdcxx-debug --enable-libstdcxx-time=yes --with-default-libstdcxx-abi=new --enable-gnu-unique-object --disable-vtable-verify --enable-libmpx --enable-plugin --enable-default-pie --with-system-zlib --with-target-system-zlib --enable-objc-gc=auto --enable-multiarch --disable-werror --with-arch-32=i686 --with-abi=m64 --with-multilib-list=m32,m64,mx32 --enable-multilib --with-tune=generic --enable-offload-targets=nvptx-none --without-cuda-driver --enable-checking=release --build=x86_64-linux-gnu --host=x86_64-linux-gnu --target=x86_64-linux-gnu
Thread model: posix
gcc version 7.5.0 (Ubuntu 7.5.0-3ubuntu1~18.04) 
configure:3854: $? = 0
configure:3843: gcc -V >&5
gcc: error: unrecognized command line option '-V'
gcc: fatal error: no input files
compilation terminated.
configure:3854: $? = 1
configure:3843: gcc -qversion >&5
gcc: error: unrecognized command line option '-qversion'; did you mean '--version'?
gcc: fatal error: no input files
compilation terminated.
configure:3854: $? = 1
configure:3879: checking whether the C compiler works
configure:3901: gcc -DHAVE_SGX=1 -DUNW_LOCAL_ONLY -O2 -fPIC -ffreestanding -fno-builtin -fno-delete-null-pointer-checks -fno-strict-overflow -fpie -fstack-protector -fvisibility=hidden -std=c99    conftest.c  >&5
configure:3905: $? = 0
configure:3953: result: yes
configure:3956: checking for C compiler default output file name
configure:3958: result: a.out
configure:3964: checking for suffix of executables
configure:3971: gcc -o conftest -DHAVE_SGX=1 -DUNW_LOCAL_ONLY -O2 -fPIC -ffreestanding -fno-builtin -fno-delete-null-pointer-checks -fno-strict-overflow -fpie -fstack-protector -fvisibility=hidden -std=c99    conftest.c  >&5
configure:3975: $? = 0
configure:3997: result: 
configure:4024: checking whether we are cross compiling
configure:4032: gcc -o conftest -DHAVE_SGX=1 -DUNW_LOCAL_ONLY -O2 -fPIC -ffreestanding -fno-builtin -fno-delete-null-pointer-checks -fno-strict-overflow -fpie -fstack-protector -fvisibility=hidden -std=c99    conftest.c  >&5
configure:4036: $? = 0
configure:4043: ./conftest
configure:4047: $? = 0
configure:4062: result: no
configure:4067: checking for suffix of object files
configure:4089: gcc -c -DHAVE_SGX=1 -DUNW_LOCAL_ONLY -O2 -fPIC -ffreestanding -fno-builtin -fno-delete-null-pointer-checks -fno-strict-overflow -fpie -fstack-protector -fvisibility=hidden -std=c99   conftest.c >&5
configure:4093: $? = 0
configure:4114: result: o
configure:4118: checking whether we are using the GNU C compiler
configure:4137: gcc -c -DHAVE_SGX=1 -DUNW_LOCAL_ONLY -O2 -fPIC -ffreestanding -fno-builtin -fno-delete-null-pointer-checks -fno-strict-overflow -fpie -fstack-protector -fvisibility=hidden -std=c99   conftest.c >&5
configure:4137: $? = 0
configure:4146: result: yes
configure:4155: checking whether gcc accepts -g
configure:4175: gcc -c -g  conftest.c >&5
configure:4175: $? = 0
configure:4216: result: yes
configure:4233: checking for gcc option to accept ISO C89
configure:4296: gcc  -c -DHAVE_SGX=1 -DUNW_LOCAL_ONLY -O2 -fPIC -ffreestanding -fno-builtin -fno-delete-null-pointer-checks -fno-strict-overflow -fpie -fstack-protector -fvisibility=hidden -std=c99   conftest.c >&5
configure:4296: $? = 0
configure:4309: result: none needed
configure:4334: checking whether gcc understands -c and -o together
configure:4356: gcc -c conftest.c -o conftest2.o
configure:4359: $? = 0
configure:4356: gcc -c conftest.c -o conftest2.o
configure:4359: $? = 0
configure:4371: result: yes
configure:4399: checking for style of include used by make
configure:4427: result: GNU
configure:4453: checking dependency style of gcc
configure:4564: result: gcc3
configure:4593: checking for x86_64-unknown-linux-gnu-g++
configure:4623: result: no
configure:4593: checking for x86_64-unknown-linux-gnu-c++
configure:4623: result: no
configure:4593: checking for x86_64-unknown-linux-gnu-gpp
configure:4623: result: no
configure:4593: checking for x86_64-unknown-linux-gnu-aCC
configure:4623: result: no
configure:4593: checking for x86_64-unknown-linux-gnu-CC
configure:4623: result: no
configure:4593: checking for x86_64-unknown-linux-gnu-cxx
configure:4623: result: no
configure:4593: checking for x86_64-unknown-linux-gnu-cc++
configure:4623: result: no
configure:4593: checking for x86_64-unknown-linux-gnu-cl.exe
configure:4623: result: no
configure:4593: checking for x86_64-unknown-linux-gnu-FCC
configure:4623: result: no
configure:4593: checking for x86_64-unknown-linux-gnu-KCC
configure:4623: result: no
configure:4593: checking for x86_64-unknown-linux-gnu-RCC
configure:4623: result: no
configure:4593: checking for x86_64-unknown-linux-gnu-xlC_r
configure:4623: result: no
configure:4593: checking for x86_64-unknown-linux-gnu-xlC
configure:4623: result: no
configure:4637: checking for g++
configure:4653: found /usr/bin/g++
configure:4664: result: g++
configure:4691: checking for C++ compiler version
configure:4700: g++ --version >&5
g++ (Ubuntu 7.5.0-3ubuntu1~18.04) 7.5.0
Copyright (C) 2017 Free Software Foundation, Inc.
This is free software; see the source for copying conditions.  There is NO
warranty; not even for MERCHANTABILITY or FITNESS FOR A PARTICULAR PURPOSE.

configure:4711: $? = 0
configure:4700: g++ -v >&5
Using built-in specs.
COLLECT_GCC=g++
COLLECT_LTO_WRAPPER=/usr/lib/gcc/x86_64-linux-gnu/7/lto-wrapper
OFFLOAD_TARGET_NAMES=nvptx-none
OFFLOAD_TARGET_DEFAULT=1
Target: x86_64-linux-gnu
Configured with: ../src/configure -v --with-pkgversion='Ubuntu 7.5.0-3ubuntu1~18.04' --with-bugurl=file:///usr/share/doc/gcc-7/README.Bugs --enable-languages=c,ada,c++,go,brig,d,fortran,objc,obj-c++ --prefix=/usr --with-gcc-major-version-only --program-suffix=-7 --program-prefix=x86_64-linux-gnu- --enable-shared --enable-linker-build-id --libexecdir=/usr/lib --without-included-gettext --enable-threads=posix --libdir=/usr/lib --enable-nls --enable-bootstrap --enable-clocale=gnu --enable-libstdcxx-debug --enable-libstdcxx-time=yes --with-default-libstdcxx-abi=new --enable-gnu-unique-object --disable-vtable-verify --enable-libmpx --enable-plugin --enable-default-pie --with-system-zlib --with-target-system-zlib --enable-objc-gc=auto --enable-multiarch --disable-werror --with-arch-32=i686 --with-abi=m64 --with-multilib-list=m32,m64,mx32 --enable-multilib --with-tune=generic --enable-offload-targets=nvptx-none --without-cuda-driver --enable-checking=release --build=x86_64-linux-gnu --host=x86_64-linux-gnu --target=x86_64-linux-gnu
Thread model: posix
gcc version 7.5.0 (Ubuntu 7.5.0-3ubuntu1~18.04) 
configure:4711: $? = 0
configure:4700: g++ -V >&5
g++: error: unrecognized command line option '-V'
g++: fatal error: no input files
compilation terminated.
configure:4711: $? = 1
configure:4700: g++ -qversion >&5
g++: error: unrecognized command line option '-qversion'; did you mean '--version'?
g++: fatal error: no input files
compilation terminated.
configure:4711: $? = 1
configure:4715: checking whether we are using the GNU C++ compiler
configure:4734: g++ -c   conftest.cpp >&5
configure:4734: $? = 0
configure:4743: result: yes
configure:4752: checking whether g++ accepts -g
configure:4772: g++ -c -g  conftest.cpp >&5
configure:4772: $? = 0
configure:4813: result: yes
configure:4838: checking dependency style of g++
configure:4949: result: gcc3
configure:4965: checking whether make sets $(MAKE)
configure:4987: result: yes
configure:5042: checking how to print strings
configure:5069: result: printf
configure:5090: checking for a sed that does not truncate output
configure:5154: result: /bin/sed
configure:5172: checking for grep that handles long lines and -e
configure:5230: result: /bin/grep
configure:5235: checking for egrep
configure:5297: result: /bin/grep -E
configure:5302: checking for fgrep
configure:5364: result: /bin/grep -F
configure:5399: checking for ld used by gcc
configure:5466: result: /usr/bin/ld
configure:5473: checking if the linker (/usr/bin/ld) is GNU ld
configure:5488: result: yes
configure:5500: checking for BSD- or MS-compatible name lister (nm)
configure:5554: result: /usr/bin/nm -B
configure:5684: checking the name lister (/usr/bin/nm -B) interface
configure:5691: gcc -c -DHAVE_SGX=1 -DUNW_LOCAL_ONLY -O2 -fPIC -ffreestanding -fno-builtin -fno-delete-null-pointer-checks -fno-strict-overflow -fpie -fstack-protector -fvisibility=hidden -std=c99   conftest.c >&5
configure:5694: /usr/bin/nm -B "conftest.o"
configure:5697: output
0000000000000000 B some_variable
configure:5704: result: BSD nm
configure:5707: checking whether ln -s works
configure:5711: result: yes
configure:5719: checking the maximum length of command line arguments
configure:5850: result: 1572864
configure:5898: checking how to convert x86_64-unknown-linux-gnu file names to x86_64-unknown-linux-gnu format
configure:5938: result: func_convert_file_noop
configure:5945: checking how to convert x86_64-unknown-linux-gnu file names to toolchain format
configure:5965: result: func_convert_file_noop
configure:5972: checking for /usr/bin/ld option to reload object files
configure:5979: result: -r
configure:6013: checking for x86_64-unknown-linux-gnu-objdump
configure:6043: result: no
configure:6053: checking for objdump
configure:6069: found /usr/bin/objdump
configure:6080: result: objdump
configure:6112: checking how to recognize dependent libraries
configure:6312: result: pass_all
configure:6357: checking for x86_64-unknown-linux-gnu-dlltool
configure:6387: result: no
configure:6397: checking for dlltool
configure:6427: result: no
configure:6457: checking how to associate runtime and link libraries
configure:6484: result: printf %s\n
configure:6501: checking for x86_64-unknown-linux-gnu-ar
configure:6531: result: no
configure:6545: checking for ar
configure:6561: found /usr/bin/ar
configure:6572: result: ar
configure:6609: checking for archiver @FILE support
configure:6626: gcc -c -DHAVE_SGX=1 -DUNW_LOCAL_ONLY -O2 -fPIC -ffreestanding -fno-builtin -fno-delete-null-pointer-checks -fno-strict-overflow -fpie -fstack-protector -fvisibility=hidden -std=c99   conftest.c >&5
configure:6626: $? = 0
configure:6629: ar cru libconftest.a @conftest.lst >&5
ar: `u' modifier ignored since `D' is the default (see `U')
configure:6632: $? = 0
configure:6637: ar cru libconftest.a @conftest.lst >&5
ar: `u' modifier ignored since `D' is the default (see `U')
ar: conftest.o: No such file or directory
configure:6640: $? = 1
configure:6652: result: @
configure:6670: checking for x86_64-unknown-linux-gnu-strip
configure:6700: result: no
configure:6710: checking for strip
configure:6726: found /usr/bin/strip
configure:6737: result: strip
configure:6769: checking for x86_64-unknown-linux-gnu-ranlib
configure:6799: result: no
configure:6809: checking for ranlib
configure:6825: found /usr/bin/ranlib
configure:6836: result: ranlib
configure:6938: checking command to parse /usr/bin/nm -B output from gcc object
configure:7091: gcc -c -DHAVE_SGX=1 -DUNW_LOCAL_ONLY -O2 -fPIC -ffreestanding -fno-builtin -fno-delete-null-pointer-checks -fno-strict-overflow -fpie -fstack-protector -fvisibility=hidden -std=c99   conftest.c >&5
configure:7094: $? = 0
configure:7098: /usr/bin/nm -B conftest.o \| sed -n -e 's/^.*[ ]\([ABCDGIRSTW][ABCDGIRSTW]*\)[ ][ ]*\([_A-Za-z][_A-Za-z0-9]*\)$/\1 \2 \2/p' | sed '/ __gnu_lto/d' \> conftest.nm
configure:7101: $? = 0
configure:7167: gcc -o conftest -DHAVE_SGX=1 -DUNW_LOCAL_ONLY -O2 -fPIC -ffreestanding -fno-builtin -fno-delete-null-pointer-checks -fno-strict-overflow -fpie -fstack-protector -fvisibility=hidden -std=c99    conftest.c conftstm.o >&5
configure:7170: $? = 0
configure:7208: result: ok
configure:7255: checking for sysroot
configure:7285: result: no
configure:7292: checking for a working dd
configure:7330: result: /bin/dd
configure:7334: checking how to truncate binary pipes
configure:7349: result: /bin/dd bs=4096 count=1
configure:7485: gcc -c -DHAVE_SGX=1 -DUNW_LOCAL_ONLY -O2 -fPIC -ffreestanding -fno-builtin -fno-delete-null-pointer-checks -fno-strict-overflow -fpie -fstack-protector -fvisibility=hidden -std=c99   conftest.c >&5
configure:7488: $? = 0
configure:7638: checking for x86_64-unknown-linux-gnu-mt
configure:7668: result: no
configure:7678: checking for mt
configure:7708: result: no
configure:7728: checking if : is a manifest tool
configure:7734: : '-?'
configure:7742: result: no
configure:8419: checking how to run the C preprocessor
configure:8450: gcc -E  conftest.c
configure:8450: $? = 0
configure:8464: gcc -E  conftest.c
conftest.c:11:10: fatal error: ac_nonexistent.h: No such file or directory
 #include <ac_nonexistent.h>
          ^~~~~~~~~~~~~~~~~~
compilation terminated.
configure:8464: $? = 1
configure: failed program was:
| /* confdefs.h */
| #define PACKAGE_NAME "libunwind"
| #define PACKAGE_TARNAME "libunwind"
| #define PACKAGE_VERSION "1.0"
| #define PACKAGE_STRING "libunwind 1.0"
| #define PACKAGE_BUGREPORT "libunwind-devel@nongnu.org"
| #define PACKAGE_URL ""
| #define PACKAGE "libunwind"
| #define VERSION "1.0"
| /* end confdefs.h.  */
| #include <ac_nonexistent.h>
configure:8489: result: gcc -E
configure:8509: gcc -E  conftest.c
configure:8509: $? = 0
configure:8523: gcc -E  conftest.c
conftest.c:11:10: fatal error: ac_nonexistent.h: No such file or directory
 #include <ac_nonexistent.h>
          ^~~~~~~~~~~~~~~~~~
compilation terminated.
configure:8523: $? = 1
configure: failed program was:
| /* confdefs.h */
| #define PACKAGE_NAME "libunwind"
| #define PACKAGE_TARNAME "libunwind"
| #define PACKAGE_VERSION "1.0"
| #define PACKAGE_STRING "libunwind 1.0"
| #define PACKAGE_BUGREPORT "libunwind-devel@nongnu.org"
| #define PACKAGE_URL ""
| #define PACKAGE "libunwind"
| #define VERSION "1.0"
| /* end confdefs.h.  */
| #include <ac_nonexistent.h>
configure:8552: checking for ANSI C header files
configure:8572: gcc -c -DHAVE_SGX=1 -DUNW_LOCAL_ONLY -O2 -fPIC -ffreestanding -fno-builtin -fno-delete-null-pointer-checks -fno-strict-overflow -fpie -fstack-protector -fvisibility=hidden -std=c99   conftest.c >&5
configure:8572: $? = 0
configure:8645: gcc -o conftest -DHAVE_SGX=1 -DUNW_LOCAL_ONLY -O2 -fPIC -ffreestanding -fno-builtin -fno-delete-null-pointer-checks -fno-strict-overflow -fpie -fstack-protector -fvisibility=hidden -std=c99    conftest.c  >&5
configure:8645: $? = 0
configure:8645: ./conftest
configure:8645: $? = 0
configure:8656: result: yes
configure:8669: checking for sys/types.h
configure:8669: gcc -c -DHAVE_SGX=1 -DUNW_LOCAL_ONLY -O2 -fPIC -ffreestanding -fno-builtin -fno-delete-null-pointer-checks -fno-strict-overflow -fpie -fstack-protector -fvisibility=hidden -std=c99   conftest.c >&5
configure:8669: $? = 0
configure:8669: result: yes
configure:8669: checking for sys/stat.h
configure:8669: gcc -c -DHAVE_SGX=1 -DUNW_LOCAL_ONLY -O2 -fPIC -ffreestanding -fno-builtin -fno-delete-null-pointer-checks -fno-strict-overflow -fpie -fstack-protector -fvisibility=hidden -std=c99   conftest.c >&5
configure:8669: $? = 0
configure:8669: result: yes
configure:8669: checking for stdlib.h
configure:8669: gcc -c -DHAVE_SGX=1 -DUNW_LOCAL_ONLY -O2 -fPIC -ffreestanding -fno-builtin -fno-delete-null-pointer-checks -fno-strict-overflow -fpie -fstack-protector -fvisibility=hidden -std=c99   conftest.c >&5
configure:8669: $? = 0
configure:8669: result: yes
configure:8669: checking for string.h
configure:8669: gcc -c -DHAVE_SGX=1 -DUNW_LOCAL_ONLY -O2 -fPIC -ffreestanding -fno-builtin -fno-delete-null-pointer-checks -fno-strict-overflow -fpie -fstack-protector -fvisibility=hidden -std=c99   conftest.c >&5
configure:8669: $? = 0
configure:8669: result: yes
configure:8669: checking for memory.h
configure:8669: gcc -c -DHAVE_SGX=1 -DUNW_LOCAL_ONLY -O2 -fPIC -ffreestanding -fno-builtin -fno-delete-null-pointer-checks -fno-strict-overflow -fpie -fstack-protector -fvisibility=hidden -std=c99   conftest.c >&5
configure:8669: $? = 0
configure:8669: result: yes
configure:8669: checking for strings.h
configure:8669: gcc -c -DHAVE_SGX=1 -DUNW_LOCAL_ONLY -O2 -fPIC -ffreestanding -fno-builtin -fno-delete-null-pointer-checks -fno-strict-overflow -fpie -fstack-protector -fvisibility=hidden -std=c99   conftest.c >&5
configure:8669: $? = 0
configure:8669: result: yes
configure:8669: checking for inttypes.h
configure:8669: gcc -c -DHAVE_SGX=1 -DUNW_LOCAL_ONLY -O2 -fPIC -ffreestanding -fno-builtin -fno-delete-null-pointer-checks -fno-strict-overflow -fpie -fstack-protector -fvisibility=hidden -std=c99   conftest.c >&5
configure:8669: $? = 0
configure:8669: result: yes
configure:8669: checking for stdint.h
configure:8669: gcc -c -DHAVE_SGX=1 -DUNW_LOCAL_ONLY -O2 -fPIC -ffreestanding -fno-builtin -fno-delete-null-pointer-checks -fno-strict-overflow -fpie -fstack-protector -fvisibility=hidden -std=c99   conftest.c >&5
configure:8669: $? = 0
configure:8669: result: yes
configure:8669: checking for unistd.h
configure:8669: gcc -c -DHAVE_SGX=1 -DUNW_LOCAL_ONLY -O2 -fPIC -ffreestanding -fno-builtin -fno-delete-null-pointer-checks -fno-strict-overflow -fpie -fstack-protector -fvisibility=hidden -std=c99   conftest.c >&5
configure:8669: $? = 0
configure:8669: result: yes
configure:8683: checking for dlfcn.h
configure:8683: gcc -c -DHAVE_SGX=1 -DUNW_LOCAL_ONLY -O2 -fPIC -ffreestanding -fno-builtin -fno-delete-null-pointer-checks -fno-strict-overflow -fpie -fstack-protector -fvisibility=hidden -std=c99   conftest.c >&5
configure:8683: $? = 0
configure:8683: result: yes
configure:8950: checking for objdir
configure:8965: result: .libs
configure:9225: checking if gcc supports -fno-rtti -fno-exceptions
configure:9243: gcc -c -DHAVE_SGX=1 -DUNW_LOCAL_ONLY -O2 -fPIC -ffreestanding -fno-builtin -fno-delete-null-pointer-checks -fno-strict-overflow -fpie -fstack-protector -fvisibility=hidden -std=c99   -fno-rtti -fno-exceptions conftest.c >&5
cc1: warning: command line option '-fno-rtti' is valid for C++/ObjC++ but not for C
configure:9247: $? = 0
configure:9260: result: no
configure:9618: checking for gcc option to produce PIC
configure:9625: result: -fPIC -DPIC
configure:9633: checking if gcc PIC flag -fPIC -DPIC works
configure:9651: gcc -c -DHAVE_SGX=1 -DUNW_LOCAL_ONLY -O2 -fPIC -ffreestanding -fno-builtin -fno-delete-null-pointer-checks -fno-strict-overflow -fpie -fstack-protector -fvisibility=hidden -std=c99   -fPIC -DPIC -DPIC conftest.c >&5
configure:9655: $? = 0
configure:9668: result: yes
configure:9697: checking if gcc static flag -static works
configure:9725: result: yes
configure:9740: checking if gcc supports -c -o file.o
configure:9761: gcc -c -DHAVE_SGX=1 -DUNW_LOCAL_ONLY -O2 -fPIC -ffreestanding -fno-builtin -fno-delete-null-pointer-checks -fno-strict-overflow -fpie -fstack-protector -fvisibility=hidden -std=c99   -o out/conftest2.o conftest.c >&5
configure:9765: $? = 0
configure:9787: result: yes
configure:9795: checking if gcc supports -c -o file.o
configure:9842: result: yes
configure:9875: checking whether the gcc linker (/usr/bin/ld -m elf_x86_64) supports shared libraries
configure:11138: result: yes
configure:11378: checking dynamic linker characteristics
configure:11959: gcc -o conftest -DHAVE_SGX=1 -DUNW_LOCAL_ONLY -O2 -fPIC -ffreestanding -fno-builtin -fno-delete-null-pointer-checks -fno-strict-overflow -fpie -fstack-protector -fvisibility=hidden -std=c99    -Wl,-rpath -Wl,/foo conftest.c  >&5
configure:11959: $? = 0
configure:12208: result: GNU/Linux ld.so
configure:12330: checking how to hardcode library paths into programs
configure:12355: result: immediate
configure:12903: checking whether stripping libraries is possible
configure:12908: result: yes
configure:12943: checking if libtool supports shared libraries
configure:12945: result: yes
configure:12948: checking whether to build shared libraries
configure:12973: result: no
configure:12976: checking whether to build static libraries
configure:12980: result: yes
configure:13003: checking how to run the C++ preprocessor
configure:13030: g++ -E  conftest.cpp
configure:13030: $? = 0
configure:13044: g++ -E  conftest.cpp
conftest.cpp:23:10: fatal error: ac_nonexistent.h: No such file or directory
 #include <ac_nonexistent.h>
          ^~~~~~~~~~~~~~~~~~
compilation terminated.
configure:13044: $? = 1
configure: failed program was:
| /* confdefs.h */
| #define PACKAGE_NAME "libunwind"
| #define PACKAGE_TARNAME "libunwind"
| #define PACKAGE_VERSION "1.0"
| #define PACKAGE_STRING "libunwind 1.0"
| #define PACKAGE_BUGREPORT "libunwind-devel@nongnu.org"
| #define PACKAGE_URL ""
| #define PACKAGE "libunwind"
| #define VERSION "1.0"
| #define STDC_HEADERS 1
| #define HAVE_SYS_TYPES_H 1
| #define HAVE_SYS_STAT_H 1
| #define HAVE_STDLIB_H 1
| #define HAVE_STRING_H 1
| #define HAVE_MEMORY_H 1
| #define HAVE_STRINGS_H 1
| #define HAVE_INTTYPES_H 1
| #define HAVE_STDINT_H 1
| #define HAVE_UNISTD_H 1
| #define HAVE_DLFCN_H 1
| #define LT_OBJDIR ".libs/"
| /* end confdefs.h.  */
| #include <ac_nonexistent.h>
configure:13069: result: g++ -E
configure:13089: g++ -E  conftest.cpp
configure:13089: $? = 0
configure:13103: g++ -E  conftest.cpp
conftest.cpp:23:10: fatal error: ac_nonexistent.h: No such file or directory
 #include <ac_nonexistent.h>
          ^~~~~~~~~~~~~~~~~~
compilation terminated.
configure:13103: $? = 1
configure: failed program was:
| /* confdefs.h */
| #define PACKAGE_NAME "libunwind"
| #define PACKAGE_TARNAME "libunwind"
| #define PACKAGE_VERSION "1.0"
| #define PACKAGE_STRING "libunwind 1.0"
| #define PACKAGE_BUGREPORT "libunwind-devel@nongnu.org"
| #define PACKAGE_URL ""
| #define PACKAGE "libunwind"
| #define VERSION "1.0"
| #define STDC_HEADERS 1
| #define HAVE_SYS_TYPES_H 1
| #define HAVE_SYS_STAT_H 1
| #define HAVE_STDLIB_H 1
| #define HAVE_STRING_H 1
| #define HAVE_MEMORY_H 1
| #define HAVE_STRINGS_H 1
| #define HAVE_INTTYPES_H 1
| #define HAVE_STDINT_H 1
| #define HAVE_UNISTD_H 1
| #define HAVE_DLFCN_H 1
| #define LT_OBJDIR ".libs/"
| /* end confdefs.h.  */
| #include <ac_nonexistent.h>
configure:13265: checking for ld used by g++
configure:13332: result: /usr/bin/ld -m elf_x86_64
configure:13339: checking if the linker (/usr/bin/ld -m elf_x86_64) is GNU ld
configure:13354: result: yes
configure:13409: checking whether the g++ linker (/usr/bin/ld -m elf_x86_64) supports shared libraries
configure:14482: result: yes
configure:14518: g++ -c -g -O2  conftest.cpp >&5
configure:14521: $? = 0
configure:15002: checking for g++ option to produce PIC
configure:15009: result: -fPIC -DPIC
configure:15017: checking if g++ PIC flag -fPIC -DPIC works
configure:15035: g++ -c -g -O2  -fPIC -DPIC -DPIC conftest.cpp >&5
configure:15039: $? = 0
configure:15052: result: yes
configure:15075: checking if g++ static flag -static works
configure:15103: result: yes
configure:15115: checking if g++ supports -c -o file.o
configure:15136: g++ -c -g -O2  -o out/conftest2.o conftest.cpp >&5
configure:15140: $? = 0
configure:15162: result: yes
configure:15167: checking if g++ supports -c -o file.o
configure:15214: result: yes
configure:15244: checking whether the g++ linker (/usr/bin/ld -m elf_x86_64) supports shared libraries
configure:15287: result: yes
configure:15428: checking dynamic linker characteristics
configure:16185: result: GNU/Linux ld.so
configure:16250: checking how to hardcode library paths into programs
configure:16275: result: immediate
configure:16345: checking dependency style of gcc
configure:16454: result: gcc3
configure:16471: checking for __uc_get_grs in -luca
configure:16496: gcc -o conftest -DHAVE_SGX=1 -DUNW_LOCAL_ONLY -O2 -fPIC -ffreestanding -fno-builtin -fno-delete-null-pointer-checks -fno-strict-overflow -fpie -fstack-protector -fvisibility=hidden -std=c99    conftest.c -luca   >&5
/usr/bin/ld: cannot find -luca
collect2: error: ld returned 1 exit status
configure:16496: $? = 1
configure: failed program was:
| /* confdefs.h */
| #define PACKAGE_NAME "libunwind"
| #define PACKAGE_TARNAME "libunwind"
| #define PACKAGE_VERSION "1.0"
| #define PACKAGE_STRING "libunwind 1.0"
| #define PACKAGE_BUGREPORT "libunwind-devel@nongnu.org"
| #define PACKAGE_URL ""
| #define PACKAGE "libunwind"
| #define VERSION "1.0"
| #define STDC_HEADERS 1
| #define HAVE_SYS_TYPES_H 1
| #define HAVE_SYS_STAT_H 1
| #define HAVE_STDLIB_H 1
| #define HAVE_STRING_H 1
| #define HAVE_MEMORY_H 1
| #define HAVE_STRINGS_H 1
| #define HAVE_INTTYPES_H 1
| #define HAVE_STDINT_H 1
| #define HAVE_UNISTD_H 1
| #define HAVE_DLFCN_H 1
| #define LT_OBJDIR ".libs/"
| /* end confdefs.h.  */
| 
| /* Override any GCC internal prototype to avoid an error.
|    Use char because int might match the return type of a GCC
|    builtin and then its argument prototype would still apply.  */
| #ifdef __cplusplus
| extern "C"
| #endif
| char __uc_get_grs ();
| int
| main ()
| {
| return __uc_get_grs ();
|   ;
|   return 0;
| }
configure:16505: result: no
configure:16517: checking for library containing dlopen
configure:16548: gcc -o conftest -DHAVE_SGX=1 -DUNW_LOCAL_ONLY -O2 -fPIC -ffreestanding -fno-builtin -fno-delete-null-pointer-checks -fno-strict-overflow -fpie -fstack-protector -fvisibility=hidden -std=c99    conftest.c  >&5
/usr/bin/ld: /tmp/ccUG1xG3.o: in function `main':
conftest.c:(.text.startup+0x7): undefined reference to `dlopen'
collect2: error: ld returned 1 exit status
configure:16548: $? = 1
configure: failed program was:
| /* confdefs.h */
| #define PACKAGE_NAME "libunwind"
| #define PACKAGE_TARNAME "libunwind"
| #define PACKAGE_VERSION "1.0"
| #define PACKAGE_STRING "libunwind 1.0"
| #define PACKAGE_BUGREPORT "libunwind-devel@nongnu.org"
| #define PACKAGE_URL ""
| #define PACKAGE "libunwind"
| #define VERSION "1.0"
| #define STDC_HEADERS 1
| #define HAVE_SYS_TYPES_H 1
| #define HAVE_SYS_STAT_H 1
| #define HAVE_STDLIB_H 1
| #define HAVE_STRING_H 1
| #define HAVE_MEMORY_H 1
| #define HAVE_STRINGS_H 1
| #define HAVE_INTTYPES_H 1
| #define HAVE_STDINT_H 1
| #define HAVE_UNISTD_H 1
| #define HAVE_DLFCN_H 1
| #define LT_OBJDIR ".libs/"
| /* end confdefs.h.  */
| 
| /* Override any GCC internal prototype to avoid an error.
|    Use char because int might match the return type of a GCC
|    builtin and then its argument prototype would still apply.  */
| #ifdef __cplusplus
| extern "C"
| #endif
| char dlopen ();
| int
| main ()
| {
| return dlopen ();
|   ;
|   return 0;
| }
configure:16548: gcc -o conftest -DHAVE_SGX=1 -DUNW_LOCAL_ONLY -O2 -fPIC -ffreestanding -fno-builtin -fno-delete-null-pointer-checks -fno-strict-overflow -fpie -fstack-protector -fvisibility=hidden -std=c99    conftest.c -ldl   >&5
configure:16548: $? = 0
configure:16565: result: -ldl
configure:16581: checking atomic_ops.h usability
configure:16581: gcc -c -DHAVE_SGX=1 -DUNW_LOCAL_ONLY -O2 -fPIC -ffreestanding -fno-builtin -fno-delete-null-pointer-checks -fno-strict-overflow -fpie -fstack-protector -fvisibility=hidden -std=c99   conftest.c >&5
conftest.c:56:10: fatal error: atomic_ops.h: No such file or directory
 #include <atomic_ops.h>
          ^~~~~~~~~~~~~~
compilation terminated.
configure:16581: $? = 1
configure: failed program was:
| /* confdefs.h */
| #define PACKAGE_NAME "libunwind"
| #define PACKAGE_TARNAME "libunwind"
| #define PACKAGE_VERSION "1.0"
| #define PACKAGE_STRING "libunwind 1.0"
| #define PACKAGE_BUGREPORT "libunwind-devel@nongnu.org"
| #define PACKAGE_URL ""
| #define PACKAGE "libunwind"
| #define VERSION "1.0"
| #define STDC_HEADERS 1
| #define HAVE_SYS_TYPES_H 1
| #define HAVE_SYS_STAT_H 1
| #define HAVE_STDLIB_H 1
| #define HAVE_STRING_H 1
| #define HAVE_MEMORY_H 1
| #define HAVE_STRINGS_H 1
| #define HAVE_INTTYPES_H 1
| #define HAVE_STDINT_H 1
| #define HAVE_UNISTD_H 1
| #define HAVE_DLFCN_H 1
| #define LT_OBJDIR ".libs/"
| /* end confdefs.h.  */
| #include <stdio.h>
| #ifdef HAVE_SYS_TYPES_H
| # include <sys/types.h>
| #endif
| #ifdef HAVE_SYS_STAT_H
| # include <sys/stat.h>
| #endif
| #ifdef STDC_HEADERS
| # include <stdlib.h>
| # include <stddef.h>
| #else
| # ifdef HAVE_STDLIB_H
| #  include <stdlib.h>
| # endif
| #endif
| #ifdef HAVE_STRING_H
| # if !defined STDC_HEADERS && defined HAVE_MEMORY_H
| #  include <memory.h>
| # endif
| # include <string.h>
| #endif
| #ifdef HAVE_STRINGS_H
| # include <strings.h>
| #endif
| #ifdef HAVE_INTTYPES_H
| # include <inttypes.h>
| #endif
| #ifdef HAVE_STDINT_H
| # include <stdint.h>
| #endif
| #ifdef HAVE_UNISTD_H
| # include <unistd.h>
| #endif
| #include <atomic_ops.h>
configure:16581: result: no
configure:16581: checking atomic_ops.h presence
configure:16581: gcc -E  conftest.c
conftest.c:23:10: fatal error: atomic_ops.h: No such file or directory
 #include <atomic_ops.h>
          ^~~~~~~~~~~~~~
compilation terminated.
configure:16581: $? = 1
configure: failed program was:
| /* confdefs.h */
| #define PACKAGE_NAME "libunwind"
| #define PACKAGE_TARNAME "libunwind"
| #define PACKAGE_VERSION "1.0"
| #define PACKAGE_STRING "libunwind 1.0"
| #define PACKAGE_BUGREPORT "libunwind-devel@nongnu.org"
| #define PACKAGE_URL ""
| #define PACKAGE "libunwind"
| #define VERSION "1.0"
| #define STDC_HEADERS 1
| #define HAVE_SYS_TYPES_H 1
| #define HAVE_SYS_STAT_H 1
| #define HAVE_STDLIB_H 1
| #define HAVE_STRING_H 1
| #define HAVE_MEMORY_H 1
| #define HAVE_STRINGS_H 1
| #define HAVE_INTTYPES_H 1
| #define HAVE_STDINT_H 1
| #define HAVE_UNISTD_H 1
| #define HAVE_DLFCN_H 1
| #define LT_OBJDIR ".libs/"
| /* end confdefs.h.  */
| #include <atomic_ops.h>
configure:16581: result: no
configure:16581: checking for atomic_ops.h
configure:16581: result: no
configure:16600: checking for ANSI C header files
configure:16704: result: yes
configure:16717: checking asm/ptrace_offsets.h usability
configure:16717: gcc -c -DHAVE_SGX=1 -DUNW_LOCAL_ONLY -O2 -fPIC -ffreestanding -fno-builtin -fno-delete-null-pointer-checks -fno-strict-overflow -fpie -fstack-protector -fvisibility=hidden -std=c99   conftest.c >&5
conftest.c:57:10: fatal error: asm/ptrace_offsets.h: No such file or directory
 #include <asm/ptrace_offsets.h>
          ^~~~~~~~~~~~~~~~~~~~~~
compilation terminated.
configure:16717: $? = 1
configure: failed program was:
| /* confdefs.h */
| #define PACKAGE_NAME "libunwind"
| #define PACKAGE_TARNAME "libunwind"
| #define PACKAGE_VERSION "1.0"
| #define PACKAGE_STRING "libunwind 1.0"
| #define PACKAGE_BUGREPORT "libunwind-devel@nongnu.org"
| #define PACKAGE_URL ""
| #define PACKAGE "libunwind"
| #define VERSION "1.0"
| #define STDC_HEADERS 1
| #define HAVE_SYS_TYPES_H 1
| #define HAVE_SYS_STAT_H 1
| #define HAVE_STDLIB_H 1
| #define HAVE_STRING_H 1
| #define HAVE_MEMORY_H 1
| #define HAVE_STRINGS_H 1
| #define HAVE_INTTYPES_H 1
| #define HAVE_STDINT_H 1
| #define HAVE_UNISTD_H 1
| #define HAVE_DLFCN_H 1
| #define LT_OBJDIR ".libs/"
| #define STDC_HEADERS 1
| /* end confdefs.h.  */
| #include <stdio.h>
| #ifdef HAVE_SYS_TYPES_H
| # include <sys/types.h>
| #endif
| #ifdef HAVE_SYS_STAT_H
| # include <sys/stat.h>
| #endif
| #ifdef STDC_HEADERS
| # include <stdlib.h>
| # include <stddef.h>
| #else
| # ifdef HAVE_STDLIB_H
| #  include <stdlib.h>
| # endif
| #endif
| #ifdef HAVE_STRING_H
| # if !defined STDC_HEADERS && defined HAVE_MEMORY_H
| #  include <memory.h>
| # endif
| # include <string.h>
| #endif
| #ifdef HAVE_STRINGS_H
| # include <strings.h>
| #endif
| #ifdef HAVE_INTTYPES_H
| # include <inttypes.h>
| #endif
| #ifdef HAVE_STDINT_H
| # include <stdint.h>
| #endif
| #ifdef HAVE_UNISTD_H
| # include <unistd.h>
| #endif
| #include <asm/ptrace_offsets.h>
configure:16717: result: no
configure:16717: checking asm/ptrace_offsets.h presence
configure:16717: gcc -E  conftest.c
conftest.c:24:10: fatal error: asm/ptrace_offsets.h: No such file or directory
 #include <asm/ptrace_offsets.h>
          ^~~~~~~~~~~~~~~~~~~~~~
compilation terminated.
configure:16717: $? = 1
configure: failed program was:
| /* confdefs.h */
| #define PACKAGE_NAME "libunwind"
| #define PACKAGE_TARNAME "libunwind"
| #define PACKAGE_VERSION "1.0"
| #define PACKAGE_STRING "libunwind 1.0"
| #define PACKAGE_BUGREPORT "libunwind-devel@nongnu.org"
| #define PACKAGE_URL ""
| #define PACKAGE "libunwind"
| #define VERSION "1.0"
| #define STDC_HEADERS 1
| #define HAVE_SYS_TYPES_H 1
| #define HAVE_SYS_STAT_H 1
| #define HAVE_STDLIB_H 1
| #define HAVE_STRING_H 1
| #define HAVE_MEMORY_H 1
| #define HAVE_STRINGS_H 1
| #define HAVE_INTTYPES_H 1
| #define HAVE_STDINT_H 1
| #define HAVE_UNISTD_H 1
| #define HAVE_DLFCN_H 1
| #define LT_OBJDIR ".libs/"
| #define STDC_HEADERS 1
| /* end confdefs.h.  */
| #include <asm/ptrace_offsets.h>
configure:16717: result: no
configure:16717: checking for asm/ptrace_offsets.h
configure:16717: result: no
configure:16717: checking endian.h usability
configure:16717: gcc -c -DHAVE_SGX=1 -DUNW_LOCAL_ONLY -O2 -fPIC -ffreestanding -fno-builtin -fno-delete-null-pointer-checks -fno-strict-overflow -fpie -fstack-protector -fvisibility=hidden -std=c99   conftest.c >&5
configure:16717: $? = 0
configure:16717: result: yes
configure:16717: checking endian.h presence
configure:16717: gcc -E  conftest.c
configure:16717: $? = 0
configure:16717: result: yes
configure:16717: checking for endian.h
configure:16717: result: yes
configure:16717: checking sys/endian.h usability
configure:16717: gcc -c -DHAVE_SGX=1 -DUNW_LOCAL_ONLY -O2 -fPIC -ffreestanding -fno-builtin -fno-delete-null-pointer-checks -fno-strict-overflow -fpie -fstack-protector -fvisibility=hidden -std=c99   conftest.c >&5
conftest.c:58:10: fatal error: sys/endian.h: No such file or directory
 #include <sys/endian.h>
          ^~~~~~~~~~~~~~
compilation terminated.
configure:16717: $? = 1
configure: failed program was:
| /* confdefs.h */
| #define PACKAGE_NAME "libunwind"
| #define PACKAGE_TARNAME "libunwind"
| #define PACKAGE_VERSION "1.0"
| #define PACKAGE_STRING "libunwind 1.0"
| #define PACKAGE_BUGREPORT "libunwind-devel@nongnu.org"
| #define PACKAGE_URL ""
| #define PACKAGE "libunwind"
| #define VERSION "1.0"
| #define STDC_HEADERS 1
| #define HAVE_SYS_TYPES_H 1
| #define HAVE_SYS_STAT_H 1
| #define HAVE_STDLIB_H 1
| #define HAVE_STRING_H 1
| #define HAVE_MEMORY_H 1
| #define HAVE_STRINGS_H 1
| #define HAVE_INTTYPES_H 1
| #define HAVE_STDINT_H 1
| #define HAVE_UNISTD_H 1
| #define HAVE_DLFCN_H 1
| #define LT_OBJDIR ".libs/"
| #define STDC_HEADERS 1
| #define HAVE_ENDIAN_H 1
| /* end confdefs.h.  */
| #include <stdio.h>
| #ifdef HAVE_SYS_TYPES_H
| # include <sys/types.h>
| #endif
| #ifdef HAVE_SYS_STAT_H
| # include <sys/stat.h>
| #endif
| #ifdef STDC_HEADERS
| # include <stdlib.h>
| # include <stddef.h>
| #else
| # ifdef HAVE_STDLIB_H
| #  include <stdlib.h>
| # endif
| #endif
| #ifdef HAVE_STRING_H
| # if !defined STDC_HEADERS && defined HAVE_MEMORY_H
| #  include <memory.h>
| # endif
| # include <string.h>
| #endif
| #ifdef HAVE_STRINGS_H
| # include <strings.h>
| #endif
| #ifdef HAVE_INTTYPES_H
| # include <inttypes.h>
| #endif
| #ifdef HAVE_STDINT_H
| # include <stdint.h>
| #endif
| #ifdef HAVE_UNISTD_H
| # include <unistd.h>
| #endif
| #include <sys/endian.h>
configure:16717: result: no
configure:16717: checking sys/endian.h presence
configure:16717: gcc -E  conftest.c
conftest.c:25:10: fatal error: sys/endian.h: No such file or directory
 #include <sys/endian.h>
          ^~~~~~~~~~~~~~
compilation terminated.
configure:16717: $? = 1
configure: failed program was:
| /* confdefs.h */
| #define PACKAGE_NAME "libunwind"
| #define PACKAGE_TARNAME "libunwind"
| #define PACKAGE_VERSION "1.0"
| #define PACKAGE_STRING "libunwind 1.0"
| #define PACKAGE_BUGREPORT "libunwind-devel@nongnu.org"
| #define PACKAGE_URL ""
| #define PACKAGE "libunwind"
| #define VERSION "1.0"
| #define STDC_HEADERS 1
| #define HAVE_SYS_TYPES_H 1
| #define HAVE_SYS_STAT_H 1
| #define HAVE_STDLIB_H 1
| #define HAVE_STRING_H 1
| #define HAVE_MEMORY_H 1
| #define HAVE_STRINGS_H 1
| #define HAVE_INTTYPES_H 1
| #define HAVE_STDINT_H 1
| #define HAVE_UNISTD_H 1
| #define HAVE_DLFCN_H 1
| #define LT_OBJDIR ".libs/"
| #define STDC_HEADERS 1
| #define HAVE_ENDIAN_H 1
| /* end confdefs.h.  */
| #include <sys/endian.h>
configure:16717: result: no
configure:16717: checking for sys/endian.h
configure:16717: result: no
configure:16717: checking execinfo.h usability
configure:16717: gcc -c -DHAVE_SGX=1 -DUNW_LOCAL_ONLY -O2 -fPIC -ffreestanding -fno-builtin -fno-delete-null-pointer-checks -fno-strict-overflow -fpie -fstack-protector -fvisibility=hidden -std=c99   conftest.c >&5
configure:16717: $? = 0
configure:16717: result: yes
configure:16717: checking execinfo.h presence
configure:16717: gcc -E  conftest.c
configure:16717: $? = 0
configure:16717: result: yes
configure:16717: checking for execinfo.h
configure:16717: result: yes
configure:16717: checking ia64intrin.h usability
configure:16717: gcc -c -DHAVE_SGX=1 -DUNW_LOCAL_ONLY -O2 -fPIC -ffreestanding -fno-builtin -fno-delete-null-pointer-checks -fno-strict-overflow -fpie -fstack-protector -fvisibility=hidden -std=c99   conftest.c >&5
conftest.c:59:10: fatal error: ia64intrin.h: No such file or directory
 #include <ia64intrin.h>
          ^~~~~~~~~~~~~~
compilation terminated.
configure:16717: $? = 1
configure: failed program was:
| /* confdefs.h */
| #define PACKAGE_NAME "libunwind"
| #define PACKAGE_TARNAME "libunwind"
| #define PACKAGE_VERSION "1.0"
| #define PACKAGE_STRING "libunwind 1.0"
| #define PACKAGE_BUGREPORT "libunwind-devel@nongnu.org"
| #define PACKAGE_URL ""
| #define PACKAGE "libunwind"
| #define VERSION "1.0"
| #define STDC_HEADERS 1
| #define HAVE_SYS_TYPES_H 1
| #define HAVE_SYS_STAT_H 1
| #define HAVE_STDLIB_H 1
| #define HAVE_STRING_H 1
| #define HAVE_MEMORY_H 1
| #define HAVE_STRINGS_H 1
| #define HAVE_INTTYPES_H 1
| #define HAVE_STDINT_H 1
| #define HAVE_UNISTD_H 1
| #define HAVE_DLFCN_H 1
| #define LT_OBJDIR ".libs/"
| #define STDC_HEADERS 1
| #define HAVE_ENDIAN_H 1
| #define HAVE_EXECINFO_H 1
| /* end confdefs.h.  */
| #include <stdio.h>
| #ifdef HAVE_SYS_TYPES_H
| # include <sys/types.h>
| #endif
| #ifdef HAVE_SYS_STAT_H
| # include <sys/stat.h>
| #endif
| #ifdef STDC_HEADERS
| # include <stdlib.h>
| # include <stddef.h>
| #else
| # ifdef HAVE_STDLIB_H
| #  include <stdlib.h>
| # endif
| #endif
| #ifdef HAVE_STRING_H
| # if !defined STDC_HEADERS && defined HAVE_MEMORY_H
| #  include <memory.h>
| # endif
| # include <string.h>
| #endif
| #ifdef HAVE_STRINGS_H
| # include <strings.h>
| #endif
| #ifdef HAVE_INTTYPES_H
| # include <inttypes.h>
| #endif
| #ifdef HAVE_STDINT_H
| # include <stdint.h>
| #endif
| #ifdef HAVE_UNISTD_H
| # include <unistd.h>
| #endif
| #include <ia64intrin.h>
configure:16717: result: no
configure:16717: checking ia64intrin.h presence
configure:16717: gcc -E  conftest.c
conftest.c:26:10: fatal error: ia64intrin.h: No such file or directory
 #include <ia64intrin.h>
          ^~~~~~~~~~~~~~
compilation terminated.
configure:16717: $? = 1
configure: failed program was:
| /* confdefs.h */
| #define PACKAGE_NAME "libunwind"
| #define PACKAGE_TARNAME "libunwind"
| #define PACKAGE_VERSION "1.0"
| #define PACKAGE_STRING "libunwind 1.0"
| #define PACKAGE_BUGREPORT "libunwind-devel@nongnu.org"
| #define PACKAGE_URL ""
| #define PACKAGE "libunwind"
| #define VERSION "1.0"
| #define STDC_HEADERS 1
| #define HAVE_SYS_TYPES_H 1
| #define HAVE_SYS_STAT_H 1
| #define HAVE_STDLIB_H 1
| #define HAVE_STRING_H 1
| #define HAVE_MEMORY_H 1
| #define HAVE_STRINGS_H 1
| #define HAVE_INTTYPES_H 1
| #define HAVE_STDINT_H 1
| #define HAVE_UNISTD_H 1
| #define HAVE_DLFCN_H 1
| #define LT_OBJDIR ".libs/"
| #define STDC_HEADERS 1
| #define HAVE_ENDIAN_H 1
| #define HAVE_EXECINFO_H 1
| /* end confdefs.h.  */
| #include <ia64intrin.h>
configure:16717: result: no
configure:16717: checking for ia64intrin.h
configure:16717: result: no
configure:16717: checking sys/uc_access.h usability
configure:16717: gcc -c -DHAVE_SGX=1 -DUNW_LOCAL_ONLY -O2 -fPIC -ffreestanding -fno-builtin -fno-delete-null-pointer-checks -fno-strict-overflow -fpie -fstack-protector -fvisibility=hidden -std=c99   conftest.c >&5
conftest.c:59:10: fatal error: sys/uc_access.h: No such file or directory
 #include <sys/uc_access.h>
          ^~~~~~~~~~~~~~~~~
compilation terminated.
configure:16717: $? = 1
configure: failed program was:
| /* confdefs.h */
| #define PACKAGE_NAME "libunwind"
| #define PACKAGE_TARNAME "libunwind"
| #define PACKAGE_VERSION "1.0"
| #define PACKAGE_STRING "libunwind 1.0"
| #define PACKAGE_BUGREPORT "libunwind-devel@nongnu.org"
| #define PACKAGE_URL ""
| #define PACKAGE "libunwind"
| #define VERSION "1.0"
| #define STDC_HEADERS 1
| #define HAVE_SYS_TYPES_H 1
| #define HAVE_SYS_STAT_H 1
| #define HAVE_STDLIB_H 1
| #define HAVE_STRING_H 1
| #define HAVE_MEMORY_H 1
| #define HAVE_STRINGS_H 1
| #define HAVE_INTTYPES_H 1
| #define HAVE_STDINT_H 1
| #define HAVE_UNISTD_H 1
| #define HAVE_DLFCN_H 1
| #define LT_OBJDIR ".libs/"
| #define STDC_HEADERS 1
| #define HAVE_ENDIAN_H 1
| #define HAVE_EXECINFO_H 1
| /* end confdefs.h.  */
| #include <stdio.h>
| #ifdef HAVE_SYS_TYPES_H
| # include <sys/types.h>
| #endif
| #ifdef HAVE_SYS_STAT_H
| # include <sys/stat.h>
| #endif
| #ifdef STDC_HEADERS
| # include <stdlib.h>
| # include <stddef.h>
| #else
| # ifdef HAVE_STDLIB_H
| #  include <stdlib.h>
| # endif
| #endif
| #ifdef HAVE_STRING_H
| # if !defined STDC_HEADERS && defined HAVE_MEMORY_H
| #  include <memory.h>
| # endif
| # include <string.h>
| #endif
| #ifdef HAVE_STRINGS_H
| # include <strings.h>
| #endif
| #ifdef HAVE_INTTYPES_H
| # include <inttypes.h>
| #endif
| #ifdef HAVE_STDINT_H
| # include <stdint.h>
| #endif
| #ifdef HAVE_UNISTD_H
| # include <unistd.h>
| #endif
| #include <sys/uc_access.h>
configure:16717: result: no
configure:16717: checking sys/uc_access.h presence
configure:16717: gcc -E  conftest.c
conftest.c:26:10: fatal error: sys/uc_access.h: No such file or directory
 #include <sys/uc_access.h>
          ^~~~~~~~~~~~~~~~~
compilation terminated.
configure:16717: $? = 1
configure: failed program was:
| /* confdefs.h */
| #define PACKAGE_NAME "libunwind"
| #define PACKAGE_TARNAME "libunwind"
| #define PACKAGE_VERSION "1.0"
| #define PACKAGE_STRING "libunwind 1.0"
| #define PACKAGE_BUGREPORT "libunwind-devel@nongnu.org"
| #define PACKAGE_URL ""
| #define PACKAGE "libunwind"
| #define VERSION "1.0"
| #define STDC_HEADERS 1
| #define HAVE_SYS_TYPES_H 1
| #define HAVE_SYS_STAT_H 1
| #define HAVE_STDLIB_H 1
| #define HAVE_STRING_H 1
| #define HAVE_MEMORY_H 1
| #define HAVE_STRINGS_H 1
| #define HAVE_INTTYPES_H 1
| #define HAVE_STDINT_H 1
| #define HAVE_UNISTD_H 1
| #define HAVE_DLFCN_H 1
| #define LT_OBJDIR ".libs/"
| #define STDC_HEADERS 1
| #define HAVE_ENDIAN_H 1
| #define HAVE_EXECINFO_H 1
| /* end confdefs.h.  */
| #include <sys/uc_access.h>
configure:16717: result: no
configure:16717: checking for sys/uc_access.h
configure:16717: result: no
configure:16717: checking for unistd.h
configure:16717: result: yes
configure:16717: checking signal.h usability
configure:16717: gcc -c -DHAVE_SGX=1 -DUNW_LOCAL_ONLY -O2 -fPIC -ffreestanding -fno-builtin -fno-delete-null-pointer-checks -fno-strict-overflow -fpie -fstack-protector -fvisibility=hidden -std=c99   conftest.c >&5
configure:16717: $? = 0
configure:16717: result: yes
configure:16717: checking signal.h presence
configure:16717: gcc -E  conftest.c
configure:16717: $? = 0
configure:16717: result: yes
configure:16717: checking for signal.h
configure:16717: result: yes
configure:16717: checking for sys/types.h
configure:16717: result: yes
configure:16717: checking sys/procfs.h usability
configure:16717: gcc -c -DHAVE_SGX=1 -DUNW_LOCAL_ONLY -O2 -fPIC -ffreestanding -fno-builtin -fno-delete-null-pointer-checks -fno-strict-overflow -fpie -fstack-protector -fvisibility=hidden -std=c99   conftest.c >&5
configure:16717: $? = 0
configure:16717: result: yes
configure:16717: checking sys/procfs.h presence
configure:16717: gcc -E  conftest.c
configure:16717: $? = 0
configure:16717: result: yes
configure:16717: checking for sys/procfs.h
configure:16717: result: yes
configure:16717: checking sys/ptrace.h usability
configure:16717: gcc -c -DHAVE_SGX=1 -DUNW_LOCAL_ONLY -O2 -fPIC -ffreestanding -fno-builtin -fno-delete-null-pointer-checks -fno-strict-overflow -fpie -fstack-protector -fvisibility=hidden -std=c99   conftest.c >&5
configure:16717: $? = 0
configure:16717: result: yes
configure:16717: checking sys/ptrace.h presence
configure:16717: gcc -E  conftest.c
configure:16717: $? = 0
configure:16717: result: yes
configure:16717: checking for sys/ptrace.h
configure:16717: result: yes
configure:16717: checking byteswap.h usability
configure:16717: gcc -c -DHAVE_SGX=1 -DUNW_LOCAL_ONLY -O2 -fPIC -ffreestanding -fno-builtin -fno-delete-null-pointer-checks -fno-strict-overflow -fpie -fstack-protector -fvisibility=hidden -std=c99   conftest.c >&5
configure:16717: $? = 0
configure:16717: result: yes
configure:16717: checking byteswap.h presence
configure:16717: gcc -E  conftest.c
configure:16717: $? = 0
configure:16717: result: yes
configure:16717: checking for byteswap.h
configure:16717: result: yes
configure:16728: checking for an ANSI C-conforming const
configure:16794: gcc -c -DHAVE_SGX=1 -DUNW_LOCAL_ONLY -O2 -fPIC -ffreestanding -fno-builtin -fno-delete-null-pointer-checks -fno-strict-overflow -fpie -fstack-protector -fvisibility=hidden -std=c99   conftest.c >&5
configure:16794: $? = 0
configure:16801: result: yes
configure:16809: checking for inline
configure:16825: gcc -c -DHAVE_SGX=1 -DUNW_LOCAL_ONLY -O2 -fPIC -ffreestanding -fno-builtin -fno-delete-null-pointer-checks -fno-strict-overflow -fpie -fstack-protector -fvisibility=hidden -std=c99   conftest.c >&5
configure:16825: $? = 0
configure:16833: result: inline
configure:16851: checking return type of signal handlers
configure:16869: gcc -c -DHAVE_SGX=1 -DUNW_LOCAL_ONLY -O2 -fPIC -ffreestanding -fno-builtin -fno-delete-null-pointer-checks -fno-strict-overflow -fpie -fstack-protector -fvisibility=hidden -std=c99   conftest.c >&5
conftest.c: In function 'main':
conftest.c:38:10: error: void value not ignored as it ought to be
 return *(signal (0, 0)) (0) == 1;
         ~^~~~~~~~~~~~~~~~~~
configure:16869: $? = 1
configure: failed program was:
| /* confdefs.h */
| #define PACKAGE_NAME "libunwind"
| #define PACKAGE_TARNAME "libunwind"
| #define PACKAGE_VERSION "1.0"
| #define PACKAGE_STRING "libunwind 1.0"
| #define PACKAGE_BUGREPORT "libunwind-devel@nongnu.org"
| #define PACKAGE_URL ""
| #define PACKAGE "libunwind"
| #define VERSION "1.0"
| #define STDC_HEADERS 1
| #define HAVE_SYS_TYPES_H 1
| #define HAVE_SYS_STAT_H 1
| #define HAVE_STDLIB_H 1
| #define HAVE_STRING_H 1
| #define HAVE_MEMORY_H 1
| #define HAVE_STRINGS_H 1
| #define HAVE_INTTYPES_H 1
| #define HAVE_STDINT_H 1
| #define HAVE_UNISTD_H 1
| #define HAVE_DLFCN_H 1
| #define LT_OBJDIR ".libs/"
| #define STDC_HEADERS 1
| #define HAVE_ENDIAN_H 1
| #define HAVE_EXECINFO_H 1
| #define HAVE_UNISTD_H 1
| #define HAVE_SIGNAL_H 1
| #define HAVE_SYS_TYPES_H 1
| #define HAVE_SYS_PROCFS_H 1
| #define HAVE_SYS_PTRACE_H 1
| #define HAVE_BYTESWAP_H 1
| /* end confdefs.h.  */
| #include <sys/types.h>
| #include <signal.h>
| 
| int
| main ()
| {
| return *(signal (0, 0)) (0) == 1;
|   ;
|   return 0;
| }
configure:16876: result: void
configure:16884: checking for size_t
configure:16884: gcc -c -DHAVE_SGX=1 -DUNW_LOCAL_ONLY -O2 -fPIC -ffreestanding -fno-builtin -fno-delete-null-pointer-checks -fno-strict-overflow -fpie -fstack-protector -fvisibility=hidden -std=c99   conftest.c >&5
configure:16884: $? = 0
configure:16884: gcc -c -DHAVE_SGX=1 -DUNW_LOCAL_ONLY -O2 -fPIC -ffreestanding -fno-builtin -fno-delete-null-pointer-checks -fno-strict-overflow -fpie -fstack-protector -fvisibility=hidden -std=c99   conftest.c >&5
conftest.c: In function 'main':
conftest.c:69:21: error: expected expression before ')' token
 if (sizeof ((size_t)))
                     ^
configure:16884: $? = 1
configure: failed program was:
| /* confdefs.h */
| #define PACKAGE_NAME "libunwind"
| #define PACKAGE_TARNAME "libunwind"
| #define PACKAGE_VERSION "1.0"
| #define PACKAGE_STRING "libunwind 1.0"
| #define PACKAGE_BUGREPORT "libunwind-devel@nongnu.org"
| #define PACKAGE_URL ""
| #define PACKAGE "libunwind"
| #define VERSION "1.0"
| #define STDC_HEADERS 1
| #define HAVE_SYS_TYPES_H 1
| #define HAVE_SYS_STAT_H 1
| #define HAVE_STDLIB_H 1
| #define HAVE_STRING_H 1
| #define HAVE_MEMORY_H 1
| #define HAVE_STRINGS_H 1
| #define HAVE_INTTYPES_H 1
| #define HAVE_STDINT_H 1
| #define HAVE_UNISTD_H 1
| #define HAVE_DLFCN_H 1
| #define LT_OBJDIR ".libs/"
| #define STDC_HEADERS 1
| #define HAVE_ENDIAN_H 1
| #define HAVE_EXECINFO_H 1
| #define HAVE_UNISTD_H 1
| #define HAVE_SIGNAL_H 1
| #define HAVE_SYS_TYPES_H 1
| #define HAVE_SYS_PROCFS_H 1
| #define HAVE_SYS_PTRACE_H 1
| #define HAVE_BYTESWAP_H 1
| #define RETSIGTYPE void
| /* end confdefs.h.  */
| #include <stdio.h>
| #ifdef HAVE_SYS_TYPES_H
| # include <sys/types.h>
| #endif
| #ifdef HAVE_SYS_STAT_H
| # include <sys/stat.h>
| #endif
| #ifdef STDC_HEADERS
| # include <stdlib.h>
| # include <stddef.h>
| #else
| # ifdef HAVE_STDLIB_H
| #  include <stdlib.h>
| # endif
| #endif
| #ifdef HAVE_STRING_H
| # if !defined STDC_HEADERS && defined HAVE_MEMORY_H
| #  include <memory.h>
| # endif
| # include <string.h>
| #endif
| #ifdef HAVE_STRINGS_H
| # include <strings.h>
| #endif
| #ifdef HAVE_INTTYPES_H
| # include <inttypes.h>
| #endif
| #ifdef HAVE_STDINT_H
| # include <stdint.h>
| #endif
| #ifdef HAVE_UNISTD_H
| # include <unistd.h>
| #endif
| int
| main ()
| {
| if (sizeof ((size_t)))
| 	    return 0;
|   ;
|   return 0;
| }
configure:16884: result: yes
configure:16899: checking size of off_t
configure:16904: gcc -o conftest -DHAVE_SGX=1 -DUNW_LOCAL_ONLY -O2 -fPIC -ffreestanding -fno-builtin -fno-delete-null-pointer-checks -fno-strict-overflow -fpie -fstack-protector -fvisibility=hidden -std=c99    conftest.c  >&5
configure:16904: $? = 0
configure:16904: ./conftest
configure:16904: $? = 0
configure:16918: result: 8
configure:16931: checking for struct dl_phdr_info.dlpi_subs
configure:16931: gcc -c -DHAVE_SGX=1 -DUNW_LOCAL_ONLY -O2 -fPIC -ffreestanding -fno-builtin -fno-delete-null-pointer-checks -fno-strict-overflow -fpie -fstack-protector -fvisibility=hidden -std=c99   -D_GNU_SOURCE conftest.c >&5
configure:16931: $? = 0
configure:16931: result: yes
configure:16942: checking for sighandler_t
configure:16942: gcc -c -DHAVE_SGX=1 -DUNW_LOCAL_ONLY -O2 -fPIC -ffreestanding -fno-builtin -fno-delete-null-pointer-checks -fno-strict-overflow -fpie -fstack-protector -fvisibility=hidden -std=c99   -D_GNU_SOURCE conftest.c >&5
configure:16942: $? = 0
configure:16942: gcc -c -DHAVE_SGX=1 -DUNW_LOCAL_ONLY -O2 -fPIC -ffreestanding -fno-builtin -fno-delete-null-pointer-checks -fno-strict-overflow -fpie -fstack-protector -fvisibility=hidden -std=c99   -D_GNU_SOURCE conftest.c >&5
conftest.c: In function 'main':
conftest.c:76:27: error: expected expression before ')' token
 if (sizeof ((sighandler_t)))
                           ^
configure:16942: $? = 1
configure: failed program was:
| /* confdefs.h */
| #define PACKAGE_NAME "libunwind"
| #define PACKAGE_TARNAME "libunwind"
| #define PACKAGE_VERSION "1.0"
| #define PACKAGE_STRING "libunwind 1.0"
| #define PACKAGE_BUGREPORT "libunwind-devel@nongnu.org"
| #define PACKAGE_URL ""
| #define PACKAGE "libunwind"
| #define VERSION "1.0"
| #define STDC_HEADERS 1
| #define HAVE_SYS_TYPES_H 1
| #define HAVE_SYS_STAT_H 1
| #define HAVE_STDLIB_H 1
| #define HAVE_STRING_H 1
| #define HAVE_MEMORY_H 1
| #define HAVE_STRINGS_H 1
| #define HAVE_INTTYPES_H 1
| #define HAVE_STDINT_H 1
| #define HAVE_UNISTD_H 1
| #define HAVE_DLFCN_H 1
| #define LT_OBJDIR ".libs/"
| #define STDC_HEADERS 1
| #define HAVE_ENDIAN_H 1
| #define HAVE_EXECINFO_H 1
| #define HAVE_UNISTD_H 1
| #define HAVE_SIGNAL_H 1
| #define HAVE_SYS_TYPES_H 1
| #define HAVE_SYS_PROCFS_H 1
| #define HAVE_SYS_PTRACE_H 1
| #define HAVE_BYTESWAP_H 1
| #define RETSIGTYPE void
| #define SIZEOF_OFF_T 8
| #define HAVE_STRUCT_DL_PHDR_INFO_DLPI_SUBS 1
| /* end confdefs.h.  */
| #include <stdio.h>
| #ifdef HAVE_SYS_TYPES_H
| # include <sys/types.h>
| #endif
| #ifdef HAVE_SYS_STAT_H
| # include <sys/stat.h>
| #endif
| #ifdef STDC_HEADERS
| # include <stdlib.h>
| # include <stddef.h>
| #else
| # ifdef HAVE_STDLIB_H
| #  include <stdlib.h>
| # endif
| #endif
| #ifdef HAVE_STRING_H
| # if !defined STDC_HEADERS && defined HAVE_MEMORY_H
| #  include <memory.h>
| # endif
| # include <string.h>
| #endif
| #ifdef HAVE_STRINGS_H
| # include <strings.h>
| #endif
| #ifdef HAVE_INTTYPES_H
| # include <inttypes.h>
| #endif
| #ifdef HAVE_STDINT_H
| # include <stdint.h>
| #endif
| #ifdef HAVE_UNISTD_H
| # include <unistd.h>
| #endif
| #if HAVE_SIGNAL_H
| # include <signal.h>
| #endif
| 
| 
| int
| main ()
| {
| if (sizeof ((sighandler_t)))
| 	    return 0;
|   ;
|   return 0;
| }
configure:16942: result: yes
configure:16957: checking for struct elf_prstatus
configure:16957: gcc -c -DHAVE_SGX=1 -DUNW_LOCAL_ONLY -O2 -fPIC -ffreestanding -fno-builtin -fno-delete-null-pointer-checks -fno-strict-overflow -fpie -fstack-protector -fvisibility=hidden -std=c99   -D_GNU_SOURCE conftest.c >&5
configure:16957: $? = 0
configure:16957: gcc -c -DHAVE_SGX=1 -DUNW_LOCAL_ONLY -O2 -fPIC -ffreestanding -fno-builtin -fno-delete-null-pointer-checks -fno-strict-overflow -fpie -fstack-protector -fvisibility=hidden -std=c99   -D_GNU_SOURCE conftest.c >&5
conftest.c: In function 'main':
conftest.c:77:34: error: expected expression before ')' token
 if (sizeof ((struct elf_prstatus)))
                                  ^
configure:16957: $? = 1
configure: failed program was:
| /* confdefs.h */
| #define PACKAGE_NAME "libunwind"
| #define PACKAGE_TARNAME "libunwind"
| #define PACKAGE_VERSION "1.0"
| #define PACKAGE_STRING "libunwind 1.0"
| #define PACKAGE_BUGREPORT "libunwind-devel@nongnu.org"
| #define PACKAGE_URL ""
| #define PACKAGE "libunwind"
| #define VERSION "1.0"
| #define STDC_HEADERS 1
| #define HAVE_SYS_TYPES_H 1
| #define HAVE_SYS_STAT_H 1
| #define HAVE_STDLIB_H 1
| #define HAVE_STRING_H 1
| #define HAVE_MEMORY_H 1
| #define HAVE_STRINGS_H 1
| #define HAVE_INTTYPES_H 1
| #define HAVE_STDINT_H 1
| #define HAVE_UNISTD_H 1
| #define HAVE_DLFCN_H 1
| #define LT_OBJDIR ".libs/"
| #define STDC_HEADERS 1
| #define HAVE_ENDIAN_H 1
| #define HAVE_EXECINFO_H 1
| #define HAVE_UNISTD_H 1
| #define HAVE_SIGNAL_H 1
| #define HAVE_SYS_TYPES_H 1
| #define HAVE_SYS_PROCFS_H 1
| #define HAVE_SYS_PTRACE_H 1
| #define HAVE_BYTESWAP_H 1
| #define RETSIGTYPE void
| #define SIZEOF_OFF_T 8
| #define HAVE_STRUCT_DL_PHDR_INFO_DLPI_SUBS 1
| #define HAVE_SIGHANDLER_T 1
| /* end confdefs.h.  */
| #include <stdio.h>
| #ifdef HAVE_SYS_TYPES_H
| # include <sys/types.h>
| #endif
| #ifdef HAVE_SYS_STAT_H
| # include <sys/stat.h>
| #endif
| #ifdef STDC_HEADERS
| # include <stdlib.h>
| # include <stddef.h>
| #else
| # ifdef HAVE_STDLIB_H
| #  include <stdlib.h>
| # endif
| #endif
| #ifdef HAVE_STRING_H
| # if !defined STDC_HEADERS && defined HAVE_MEMORY_H
| #  include <memory.h>
| # endif
| # include <string.h>
| #endif
| #ifdef HAVE_STRINGS_H
| # include <strings.h>
| #endif
| #ifdef HAVE_INTTYPES_H
| # include <inttypes.h>
| #endif
| #ifdef HAVE_STDINT_H
| # include <stdint.h>
| #endif
| #ifdef HAVE_UNISTD_H
| # include <unistd.h>
| #endif
| #if HAVE_SYS_PROCFS_H
| # include <sys/procfs.h>
| #endif
| 
| 
| int
| main ()
| {
| if (sizeof ((struct elf_prstatus)))
| 	    return 0;
|   ;
|   return 0;
| }
configure:16957: result: yes
configure:16971: checking for struct prstatus
configure:16971: gcc -c -DHAVE_SGX=1 -DUNW_LOCAL_ONLY -O2 -fPIC -ffreestanding -fno-builtin -fno-delete-null-pointer-checks -fno-strict-overflow -fpie -fstack-protector -fvisibility=hidden -std=c99   -D_GNU_SOURCE conftest.c >&5
conftest.c: In function 'main':
conftest.c:78:13: error: invalid application of 'sizeof' to incomplete type 'struct prstatus'
 if (sizeof (struct prstatus))
             ^~~~~~
configure:16971: $? = 1
configure: failed program was:
| /* confdefs.h */
| #define PACKAGE_NAME "libunwind"
| #define PACKAGE_TARNAME "libunwind"
| #define PACKAGE_VERSION "1.0"
| #define PACKAGE_STRING "libunwind 1.0"
| #define PACKAGE_BUGREPORT "libunwind-devel@nongnu.org"
| #define PACKAGE_URL ""
| #define PACKAGE "libunwind"
| #define VERSION "1.0"
| #define STDC_HEADERS 1
| #define HAVE_SYS_TYPES_H 1
| #define HAVE_SYS_STAT_H 1
| #define HAVE_STDLIB_H 1
| #define HAVE_STRING_H 1
| #define HAVE_MEMORY_H 1
| #define HAVE_STRINGS_H 1
| #define HAVE_INTTYPES_H 1
| #define HAVE_STDINT_H 1
| #define HAVE_UNISTD_H 1
| #define HAVE_DLFCN_H 1
| #define LT_OBJDIR ".libs/"
| #define STDC_HEADERS 1
| #define HAVE_ENDIAN_H 1
| #define HAVE_EXECINFO_H 1
| #define HAVE_UNISTD_H 1
| #define HAVE_SIGNAL_H 1
| #define HAVE_SYS_TYPES_H 1
| #define HAVE_SYS_PROCFS_H 1
| #define HAVE_SYS_PTRACE_H 1
| #define HAVE_BYTESWAP_H 1
| #define RETSIGTYPE void
| #define SIZEOF_OFF_T 8
| #define HAVE_STRUCT_DL_PHDR_INFO_DLPI_SUBS 1
| #define HAVE_SIGHANDLER_T 1
| #define HAVE_STRUCT_ELF_PRSTATUS 1
| /* end confdefs.h.  */
| #include <stdio.h>
| #ifdef HAVE_SYS_TYPES_H
| # include <sys/types.h>
| #endif
| #ifdef HAVE_SYS_STAT_H
| # include <sys/stat.h>
| #endif
| #ifdef STDC_HEADERS
| # include <stdlib.h>
| # include <stddef.h>
| #else
| # ifdef HAVE_STDLIB_H
| #  include <stdlib.h>
| # endif
| #endif
| #ifdef HAVE_STRING_H
| # if !defined STDC_HEADERS && defined HAVE_MEMORY_H
| #  include <memory.h>
| # endif
| # include <string.h>
| #endif
| #ifdef HAVE_STRINGS_H
| # include <strings.h>
| #endif
| #ifdef HAVE_INTTYPES_H
| # include <inttypes.h>
| #endif
| #ifdef HAVE_STDINT_H
| # include <stdint.h>
| #endif
| #ifdef HAVE_UNISTD_H
| # include <unistd.h>
| #endif
| #if HAVE_SYS_PROCFS_H
| # include <sys/procfs.h>
| #endif
| 
| 
| int
| main ()
| {
| if (sizeof (struct prstatus))
| 	 return 0;
|   ;
|   return 0;
| }
configure:16971: result: no
configure:16987: checking whether PTRACE_POKEUSER is declared
configure:16987: gcc -c -DHAVE_SGX=1 -DUNW_LOCAL_ONLY -O2 -fPIC -ffreestanding -fno-builtin -fno-delete-null-pointer-checks -fno-strict-overflow -fpie -fstack-protector -fvisibility=hidden -std=c99   -D_GNU_SOURCE conftest.c >&5
configure:16987: $? = 0
configure:16987: result: yes
configure:17003: checking whether PTRACE_POKEDATA is declared
configure:17003: gcc -c -DHAVE_SGX=1 -DUNW_LOCAL_ONLY -O2 -fPIC -ffreestanding -fno-builtin -fno-delete-null-pointer-checks -fno-strict-overflow -fpie -fstack-protector -fvisibility=hidden -std=c99   -D_GNU_SOURCE conftest.c >&5
configure:17003: $? = 0
configure:17003: result: yes
configure:17019: checking whether PTRACE_TRACEME is declared
configure:17019: gcc -c -DHAVE_SGX=1 -DUNW_LOCAL_ONLY -O2 -fPIC -ffreestanding -fno-builtin -fno-delete-null-pointer-checks -fno-strict-overflow -fpie -fstack-protector -fvisibility=hidden -std=c99   -D_GNU_SOURCE conftest.c >&5
configure:17019: $? = 0
configure:17019: result: yes
configure:17035: checking whether PTRACE_CONT is declared
configure:17035: gcc -c -DHAVE_SGX=1 -DUNW_LOCAL_ONLY -O2 -fPIC -ffreestanding -fno-builtin -fno-delete-null-pointer-checks -fno-strict-overflow -fpie -fstack-protector -fvisibility=hidden -std=c99   -D_GNU_SOURCE conftest.c >&5
configure:17035: $? = 0
configure:17035: result: yes
configure:17051: checking whether PTRACE_SINGLESTEP is declared
configure:17051: gcc -c -DHAVE_SGX=1 -DUNW_LOCAL_ONLY -O2 -fPIC -ffreestanding -fno-builtin -fno-delete-null-pointer-checks -fno-strict-overflow -fpie -fstack-protector -fvisibility=hidden -std=c99   -D_GNU_SOURCE conftest.c >&5
configure:17051: $? = 0
configure:17051: result: yes
configure:17067: checking whether PTRACE_SYSCALL is declared
configure:17067: gcc -c -DHAVE_SGX=1 -DUNW_LOCAL_ONLY -O2 -fPIC -ffreestanding -fno-builtin -fno-delete-null-pointer-checks -fno-strict-overflow -fpie -fstack-protector -fvisibility=hidden -std=c99   -D_GNU_SOURCE conftest.c >&5
configure:17067: $? = 0
configure:17067: result: yes
configure:17083: checking whether PT_IO is declared
configure:17083: gcc -c -DHAVE_SGX=1 -DUNW_LOCAL_ONLY -O2 -fPIC -ffreestanding -fno-builtin -fno-delete-null-pointer-checks -fno-strict-overflow -fpie -fstack-protector -fvisibility=hidden -std=c99   -D_GNU_SOURCE conftest.c >&5
conftest.c: In function 'main':
conftest.c:89:10: error: 'PT_IO' undeclared (first use in this function)
   (void) PT_IO;
          ^~~~~
conftest.c:89:10: note: each undeclared identifier is reported only once for each function it appears in
configure:17083: $? = 1
configure: failed program was:
| /* confdefs.h */
| #define PACKAGE_NAME "libunwind"
| #define PACKAGE_TARNAME "libunwind"
| #define PACKAGE_VERSION "1.0"
| #define PACKAGE_STRING "libunwind 1.0"
| #define PACKAGE_BUGREPORT "libunwind-devel@nongnu.org"
| #define PACKAGE_URL ""
| #define PACKAGE "libunwind"
| #define VERSION "1.0"
| #define STDC_HEADERS 1
| #define HAVE_SYS_TYPES_H 1
| #define HAVE_SYS_STAT_H 1
| #define HAVE_STDLIB_H 1
| #define HAVE_STRING_H 1
| #define HAVE_MEMORY_H 1
| #define HAVE_STRINGS_H 1
| #define HAVE_INTTYPES_H 1
| #define HAVE_STDINT_H 1
| #define HAVE_UNISTD_H 1
| #define HAVE_DLFCN_H 1
| #define LT_OBJDIR ".libs/"
| #define STDC_HEADERS 1
| #define HAVE_ENDIAN_H 1
| #define HAVE_EXECINFO_H 1
| #define HAVE_UNISTD_H 1
| #define HAVE_SIGNAL_H 1
| #define HAVE_SYS_TYPES_H 1
| #define HAVE_SYS_PROCFS_H 1
| #define HAVE_SYS_PTRACE_H 1
| #define HAVE_BYTESWAP_H 1
| #define RETSIGTYPE void
| #define SIZEOF_OFF_T 8
| #define HAVE_STRUCT_DL_PHDR_INFO_DLPI_SUBS 1
| #define HAVE_SIGHANDLER_T 1
| #define HAVE_STRUCT_ELF_PRSTATUS 1
| #define HAVE_DECL_PTRACE_POKEUSER 1
| #define HAVE_DECL_PTRACE_POKEDATA 1
| #define HAVE_DECL_PTRACE_TRACEME 1
| #define HAVE_DECL_PTRACE_CONT 1
| #define HAVE_DECL_PTRACE_SINGLESTEP 1
| #define HAVE_DECL_PTRACE_SYSCALL 1
| /* end confdefs.h.  */
| #include <stdio.h>
| #ifdef HAVE_SYS_TYPES_H
| # include <sys/types.h>
| #endif
| #ifdef HAVE_SYS_STAT_H
| # include <sys/stat.h>
| #endif
| #ifdef STDC_HEADERS
| # include <stdlib.h>
| # include <stddef.h>
| #else
| # ifdef HAVE_STDLIB_H
| #  include <stdlib.h>
| # endif
| #endif
| #ifdef HAVE_STRING_H
| # if !defined STDC_HEADERS && defined HAVE_MEMORY_H
| #  include <memory.h>
| # endif
| # include <string.h>
| #endif
| #ifdef HAVE_STRINGS_H
| # include <strings.h>
| #endif
| #ifdef HAVE_INTTYPES_H
| # include <inttypes.h>
| #endif
| #ifdef HAVE_STDINT_H
| # include <stdint.h>
| #endif
| #ifdef HAVE_UNISTD_H
| # include <unistd.h>
| #endif
| #if HAVE_SYS_TYPES_H
| #include <sys/types.h>
| #endif
| #include <sys/ptrace.h>
| 
| 
| int
| main ()
| {
| #ifndef PT_IO
| #ifdef __cplusplus
|   (void) PT_IO;
| #else
|   (void) PT_IO;
| #endif
| #endif
| 
|   ;
|   return 0;
| }
configure:17083: result: no
configure:17099: checking whether PT_GETREGS is declared
configure:17099: gcc -c -DHAVE_SGX=1 -DUNW_LOCAL_ONLY -O2 -fPIC -ffreestanding -fno-builtin -fno-delete-null-pointer-checks -fno-strict-overflow -fpie -fstack-protector -fvisibility=hidden -std=c99   -D_GNU_SOURCE conftest.c >&5
configure:17099: $? = 0
configure:17099: result: yes
configure:17115: checking whether PT_GETFPREGS is declared
configure:17115: gcc -c -DHAVE_SGX=1 -DUNW_LOCAL_ONLY -O2 -fPIC -ffreestanding -fno-builtin -fno-delete-null-pointer-checks -fno-strict-overflow -fpie -fstack-protector -fvisibility=hidden -std=c99   -D_GNU_SOURCE conftest.c >&5
configure:17115: $? = 0
configure:17115: result: yes
configure:17131: checking whether PT_CONTINUE is declared
configure:17131: gcc -c -DHAVE_SGX=1 -DUNW_LOCAL_ONLY -O2 -fPIC -ffreestanding -fno-builtin -fno-delete-null-pointer-checks -fno-strict-overflow -fpie -fstack-protector -fvisibility=hidden -std=c99   -D_GNU_SOURCE conftest.c >&5
configure:17131: $? = 0
configure:17131: result: yes
configure:17147: checking whether PT_TRACE_ME is declared
configure:17147: gcc -c -DHAVE_SGX=1 -DUNW_LOCAL_ONLY -O2 -fPIC -ffreestanding -fno-builtin -fno-delete-null-pointer-checks -fno-strict-overflow -fpie -fstack-protector -fvisibility=hidden -std=c99   -D_GNU_SOURCE conftest.c >&5
configure:17147: $? = 0
configure:17147: result: yes
configure:17163: checking whether PT_STEP is declared
configure:17163: gcc -c -DHAVE_SGX=1 -DUNW_LOCAL_ONLY -O2 -fPIC -ffreestanding -fno-builtin -fno-delete-null-pointer-checks -fno-strict-overflow -fpie -fstack-protector -fvisibility=hidden -std=c99   -D_GNU_SOURCE conftest.c >&5
configure:17163: $? = 0
configure:17163: result: yes
configure:17179: checking whether PT_SYSCALL is declared
configure:17179: gcc -c -DHAVE_SGX=1 -DUNW_LOCAL_ONLY -O2 -fPIC -ffreestanding -fno-builtin -fno-delete-null-pointer-checks -fno-strict-overflow -fpie -fstack-protector -fvisibility=hidden -std=c99   -D_GNU_SOURCE conftest.c >&5
configure:17179: $? = 0
configure:17179: result: yes
configure:17197: checking for working memcmp
configure:17240: gcc -o conftest -DHAVE_SGX=1 -DUNW_LOCAL_ONLY -O2 -fPIC -ffreestanding -fno-builtin -fno-delete-null-pointer-checks -fno-strict-overflow -fpie -fstack-protector -fvisibility=hidden -std=c99   -D_GNU_SOURCE  conftest.c  >&5
configure:17240: $? = 0
configure:17240: ./conftest
configure:17240: $? = 0
configure:17250: result: yes
configure:17259: checking return type of signal handlers
configure:17284: result: void
configure:17296: checking for dl_iterate_phdr
configure:17296: gcc -o conftest -DHAVE_SGX=1 -DUNW_LOCAL_ONLY -O2 -fPIC -ffreestanding -fno-builtin -fno-delete-null-pointer-checks -fno-strict-overflow -fpie -fstack-protector -fvisibility=hidden -std=c99   -D_GNU_SOURCE  conftest.c  >&5
configure:17296: $? = 0
configure:17296: result: yes
configure:17296: checking for dl_phdr_removals_counter
configure:17296: gcc -o conftest -DHAVE_SGX=1 -DUNW_LOCAL_ONLY -O2 -fPIC -ffreestanding -fno-builtin -fno-delete-null-pointer-checks -fno-strict-overflow -fpie -fstack-protector -fvisibility=hidden -std=c99   -D_GNU_SOURCE  conftest.c  >&5
/usr/bin/ld: /tmp/ccNtnctW.o: in function `main':
conftest.c:(.text.startup+0x7): undefined reference to `dl_phdr_removals_counter'
collect2: error: ld returned 1 exit status
configure:17296: $? = 1
configure: failed program was:
| /* confdefs.h */
| #define PACKAGE_NAME "libunwind"
| #define PACKAGE_TARNAME "libunwind"
| #define PACKAGE_VERSION "1.0"
| #define PACKAGE_STRING "libunwind 1.0"
| #define PACKAGE_BUGREPORT "libunwind-devel@nongnu.org"
| #define PACKAGE_URL ""
| #define PACKAGE "libunwind"
| #define VERSION "1.0"
| #define STDC_HEADERS 1
| #define HAVE_SYS_TYPES_H 1
| #define HAVE_SYS_STAT_H 1
| #define HAVE_STDLIB_H 1
| #define HAVE_STRING_H 1
| #define HAVE_MEMORY_H 1
| #define HAVE_STRINGS_H 1
| #define HAVE_INTTYPES_H 1
| #define HAVE_STDINT_H 1
| #define HAVE_UNISTD_H 1
| #define HAVE_DLFCN_H 1
| #define LT_OBJDIR ".libs/"
| #define STDC_HEADERS 1
| #define HAVE_ENDIAN_H 1
| #define HAVE_EXECINFO_H 1
| #define HAVE_UNISTD_H 1
| #define HAVE_SIGNAL_H 1
| #define HAVE_SYS_TYPES_H 1
| #define HAVE_SYS_PROCFS_H 1
| #define HAVE_SYS_PTRACE_H 1
| #define HAVE_BYTESWAP_H 1
| #define RETSIGTYPE void
| #define SIZEOF_OFF_T 8
| #define HAVE_STRUCT_DL_PHDR_INFO_DLPI_SUBS 1
| #define HAVE_SIGHANDLER_T 1
| #define HAVE_STRUCT_ELF_PRSTATUS 1
| #define HAVE_DECL_PTRACE_POKEUSER 1
| #define HAVE_DECL_PTRACE_POKEDATA 1
| #define HAVE_DECL_PTRACE_TRACEME 1
| #define HAVE_DECL_PTRACE_CONT 1
| #define HAVE_DECL_PTRACE_SINGLESTEP 1
| #define HAVE_DECL_PTRACE_SYSCALL 1
| #define HAVE_DECL_PT_IO 0
| #define HAVE_DECL_PT_GETREGS 1
| #define HAVE_DECL_PT_GETFPREGS 1
| #define HAVE_DECL_PT_CONTINUE 1
| #define HAVE_DECL_PT_TRACE_ME 1
| #define HAVE_DECL_PT_STEP 1
| #define HAVE_DECL_PT_SYSCALL 1
| #define RETSIGTYPE void
| #define HAVE_DL_ITERATE_PHDR 1
| /* end confdefs.h.  */
| /* Define dl_phdr_removals_counter to an innocuous variant, in case <limits.h> declares dl_phdr_removals_counter.
|    For example, HP-UX 11i <limits.h> declares gettimeofday.  */
| #define dl_phdr_removals_counter innocuous_dl_phdr_removals_counter
| 
| /* System header to define __stub macros and hopefully few prototypes,
|     which can conflict with char dl_phdr_removals_counter (); below.
|     Prefer <limits.h> to <assert.h> if __STDC__ is defined, since
|     <limits.h> exists even on freestanding compilers.  */
| 
| #ifdef __STDC__
| # include <limits.h>
| #else
| # include <assert.h>
| #endif
| 
| #undef dl_phdr_removals_counter
| 
| /* Override any GCC internal prototype to avoid an error.
|    Use char because int might match the return type of a GCC
|    builtin and then its argument prototype would still apply.  */
| #ifdef __cplusplus
| extern "C"
| #endif
| char dl_phdr_removals_counter ();
| /* The GNU C library defines this for functions which it implements
|     to always fail with ENOSYS.  Some functions are actually named
|     something starting with __ and the normal name is an alias.  */
| #if defined __stub_dl_phdr_removals_counter || defined __stub___dl_phdr_removals_counter
| choke me
| #endif
| 
| int
| main ()
| {
| return dl_phdr_removals_counter ();
|   ;
|   return 0;
| }
configure:17296: result: no
configure:17296: checking for dlmodinfo
configure:17296: gcc -o conftest -DHAVE_SGX=1 -DUNW_LOCAL_ONLY -O2 -fPIC -ffreestanding -fno-builtin -fno-delete-null-pointer-checks -fno-strict-overflow -fpie -fstack-protector -fvisibility=hidden -std=c99   -D_GNU_SOURCE  conftest.c  >&5
/usr/bin/ld: /tmp/ccjSvwH2.o: in function `main':
conftest.c:(.text.startup+0x7): undefined reference to `dlmodinfo'
collect2: error: ld returned 1 exit status
configure:17296: $? = 1
configure: failed program was:
| /* confdefs.h */
| #define PACKAGE_NAME "libunwind"
| #define PACKAGE_TARNAME "libunwind"
| #define PACKAGE_VERSION "1.0"
| #define PACKAGE_STRING "libunwind 1.0"
| #define PACKAGE_BUGREPORT "libunwind-devel@nongnu.org"
| #define PACKAGE_URL ""
| #define PACKAGE "libunwind"
| #define VERSION "1.0"
| #define STDC_HEADERS 1
| #define HAVE_SYS_TYPES_H 1
| #define HAVE_SYS_STAT_H 1
| #define HAVE_STDLIB_H 1
| #define HAVE_STRING_H 1
| #define HAVE_MEMORY_H 1
| #define HAVE_STRINGS_H 1
| #define HAVE_INTTYPES_H 1
| #define HAVE_STDINT_H 1
| #define HAVE_UNISTD_H 1
| #define HAVE_DLFCN_H 1
| #define LT_OBJDIR ".libs/"
| #define STDC_HEADERS 1
| #define HAVE_ENDIAN_H 1
| #define HAVE_EXECINFO_H 1
| #define HAVE_UNISTD_H 1
| #define HAVE_SIGNAL_H 1
| #define HAVE_SYS_TYPES_H 1
| #define HAVE_SYS_PROCFS_H 1
| #define HAVE_SYS_PTRACE_H 1
| #define HAVE_BYTESWAP_H 1
| #define RETSIGTYPE void
| #define SIZEOF_OFF_T 8
| #define HAVE_STRUCT_DL_PHDR_INFO_DLPI_SUBS 1
| #define HAVE_SIGHANDLER_T 1
| #define HAVE_STRUCT_ELF_PRSTATUS 1
| #define HAVE_DECL_PTRACE_POKEUSER 1
| #define HAVE_DECL_PTRACE_POKEDATA 1
| #define HAVE_DECL_PTRACE_TRACEME 1
| #define HAVE_DECL_PTRACE_CONT 1
| #define HAVE_DECL_PTRACE_SINGLESTEP 1
| #define HAVE_DECL_PTRACE_SYSCALL 1
| #define HAVE_DECL_PT_IO 0
| #define HAVE_DECL_PT_GETREGS 1
| #define HAVE_DECL_PT_GETFPREGS 1
| #define HAVE_DECL_PT_CONTINUE 1
| #define HAVE_DECL_PT_TRACE_ME 1
| #define HAVE_DECL_PT_STEP 1
| #define HAVE_DECL_PT_SYSCALL 1
| #define RETSIGTYPE void
| #define HAVE_DL_ITERATE_PHDR 1
| /* end confdefs.h.  */
| /* Define dlmodinfo to an innocuous variant, in case <limits.h> declares dlmodinfo.
|    For example, HP-UX 11i <limits.h> declares gettimeofday.  */
| #define dlmodinfo innocuous_dlmodinfo
| 
| /* System header to define __stub macros and hopefully few prototypes,
|     which can conflict with char dlmodinfo (); below.
|     Prefer <limits.h> to <assert.h> if __STDC__ is defined, since
|     <limits.h> exists even on freestanding compilers.  */
| 
| #ifdef __STDC__
| # include <limits.h>
| #else
| # include <assert.h>
| #endif
| 
| #undef dlmodinfo
| 
| /* Override any GCC internal prototype to avoid an error.
|    Use char because int might match the return type of a GCC
|    builtin and then its argument prototype would still apply.  */
| #ifdef __cplusplus
| extern "C"
| #endif
| char dlmodinfo ();
| /* The GNU C library defines this for functions which it implements
|     to always fail with ENOSYS.  Some functions are actually named
|     something starting with __ and the normal name is an alias.  */
| #if defined __stub_dlmodinfo || defined __stub___dlmodinfo
| choke me
| #endif
| 
| int
| main ()
| {
| return dlmodinfo ();
|   ;
|   return 0;
| }
configure:17296: result: no
configure:17296: checking for getunwind
configure:17296: gcc -o conftest -DHAVE_SGX=1 -DUNW_LOCAL_ONLY -O2 -fPIC -ffreestanding -fno-builtin -fno-delete-null-pointer-checks -fno-strict-overflow -fpie -fstack-protector -fvisibility=hidden -std=c99   -D_GNU_SOURCE  conftest.c  >&5
/usr/bin/ld: /tmp/ccbMerl4.o: in function `main':
conftest.c:(.text.startup+0x7): undefined reference to `getunwind'
collect2: error: ld returned 1 exit status
configure:17296: $? = 1
configure: failed program was:
| /* confdefs.h */
| #define PACKAGE_NAME "libunwind"
| #define PACKAGE_TARNAME "libunwind"
| #define PACKAGE_VERSION "1.0"
| #define PACKAGE_STRING "libunwind 1.0"
| #define PACKAGE_BUGREPORT "libunwind-devel@nongnu.org"
| #define PACKAGE_URL ""
| #define PACKAGE "libunwind"
| #define VERSION "1.0"
| #define STDC_HEADERS 1
| #define HAVE_SYS_TYPES_H 1
| #define HAVE_SYS_STAT_H 1
| #define HAVE_STDLIB_H 1
| #define HAVE_STRING_H 1
| #define HAVE_MEMORY_H 1
| #define HAVE_STRINGS_H 1
| #define HAVE_INTTYPES_H 1
| #define HAVE_STDINT_H 1
| #define HAVE_UNISTD_H 1
| #define HAVE_DLFCN_H 1
| #define LT_OBJDIR ".libs/"
| #define STDC_HEADERS 1
| #define HAVE_ENDIAN_H 1
| #define HAVE_EXECINFO_H 1
| #define HAVE_UNISTD_H 1
| #define HAVE_SIGNAL_H 1
| #define HAVE_SYS_TYPES_H 1
| #define HAVE_SYS_PROCFS_H 1
| #define HAVE_SYS_PTRACE_H 1
| #define HAVE_BYTESWAP_H 1
| #define RETSIGTYPE void
| #define SIZEOF_OFF_T 8
| #define HAVE_STRUCT_DL_PHDR_INFO_DLPI_SUBS 1
| #define HAVE_SIGHANDLER_T 1
| #define HAVE_STRUCT_ELF_PRSTATUS 1
| #define HAVE_DECL_PTRACE_POKEUSER 1
| #define HAVE_DECL_PTRACE_POKEDATA 1
| #define HAVE_DECL_PTRACE_TRACEME 1
| #define HAVE_DECL_PTRACE_CONT 1
| #define HAVE_DECL_PTRACE_SINGLESTEP 1
| #define HAVE_DECL_PTRACE_SYSCALL 1
| #define HAVE_DECL_PT_IO 0
| #define HAVE_DECL_PT_GETREGS 1
| #define HAVE_DECL_PT_GETFPREGS 1
| #define HAVE_DECL_PT_CONTINUE 1
| #define HAVE_DECL_PT_TRACE_ME 1
| #define HAVE_DECL_PT_STEP 1
| #define HAVE_DECL_PT_SYSCALL 1
| #define RETSIGTYPE void
| #define HAVE_DL_ITERATE_PHDR 1
| /* end confdefs.h.  */
| /* Define getunwind to an innocuous variant, in case <limits.h> declares getunwind.
|    For example, HP-UX 11i <limits.h> declares gettimeofday.  */
| #define getunwind innocuous_getunwind
| 
| /* System header to define __stub macros and hopefully few prototypes,
|     which can conflict with char getunwind (); below.
|     Prefer <limits.h> to <assert.h> if __STDC__ is defined, since
|     <limits.h> exists even on freestanding compilers.  */
| 
| #ifdef __STDC__
| # include <limits.h>
| #else
| # include <assert.h>
| #endif
| 
| #undef getunwind
| 
| /* Override any GCC internal prototype to avoid an error.
|    Use char because int might match the return type of a GCC
|    builtin and then its argument prototype would still apply.  */
| #ifdef __cplusplus
| extern "C"
| #endif
| char getunwind ();
| /* The GNU C library defines this for functions which it implements
|     to always fail with ENOSYS.  Some functions are actually named
|     something starting with __ and the normal name is an alias.  */
| #if defined __stub_getunwind || defined __stub___getunwind
| choke me
| #endif
| 
| int
| main ()
| {
| return getunwind ();
|   ;
|   return 0;
| }
configure:17296: result: no
configure:17296: checking for ttrace
configure:17296: gcc -o conftest -DHAVE_SGX=1 -DUNW_LOCAL_ONLY -O2 -fPIC -ffreestanding -fno-builtin -fno-delete-null-pointer-checks -fno-strict-overflow -fpie -fstack-protector -fvisibility=hidden -std=c99   -D_GNU_SOURCE  conftest.c  >&5
/usr/bin/ld: /tmp/ccZcsyB9.o: in function `main':
conftest.c:(.text.startup+0x7): undefined reference to `ttrace'
collect2: error: ld returned 1 exit status
configure:17296: $? = 1
configure: failed program was:
| /* confdefs.h */
| #define PACKAGE_NAME "libunwind"
| #define PACKAGE_TARNAME "libunwind"
| #define PACKAGE_VERSION "1.0"
| #define PACKAGE_STRING "libunwind 1.0"
| #define PACKAGE_BUGREPORT "libunwind-devel@nongnu.org"
| #define PACKAGE_URL ""
| #define PACKAGE "libunwind"
| #define VERSION "1.0"
| #define STDC_HEADERS 1
| #define HAVE_SYS_TYPES_H 1
| #define HAVE_SYS_STAT_H 1
| #define HAVE_STDLIB_H 1
| #define HAVE_STRING_H 1
| #define HAVE_MEMORY_H 1
| #define HAVE_STRINGS_H 1
| #define HAVE_INTTYPES_H 1
| #define HAVE_STDINT_H 1
| #define HAVE_UNISTD_H 1
| #define HAVE_DLFCN_H 1
| #define LT_OBJDIR ".libs/"
| #define STDC_HEADERS 1
| #define HAVE_ENDIAN_H 1
| #define HAVE_EXECINFO_H 1
| #define HAVE_UNISTD_H 1
| #define HAVE_SIGNAL_H 1
| #define HAVE_SYS_TYPES_H 1
| #define HAVE_SYS_PROCFS_H 1
| #define HAVE_SYS_PTRACE_H 1
| #define HAVE_BYTESWAP_H 1
| #define RETSIGTYPE void
| #define SIZEOF_OFF_T 8
| #define HAVE_STRUCT_DL_PHDR_INFO_DLPI_SUBS 1
| #define HAVE_SIGHANDLER_T 1
| #define HAVE_STRUCT_ELF_PRSTATUS 1
| #define HAVE_DECL_PTRACE_POKEUSER 1
| #define HAVE_DECL_PTRACE_POKEDATA 1
| #define HAVE_DECL_PTRACE_TRACEME 1
| #define HAVE_DECL_PTRACE_CONT 1
| #define HAVE_DECL_PTRACE_SINGLESTEP 1
| #define HAVE_DECL_PTRACE_SYSCALL 1
| #define HAVE_DECL_PT_IO 0
| #define HAVE_DECL_PT_GETREGS 1
| #define HAVE_DECL_PT_GETFPREGS 1
| #define HAVE_DECL_PT_CONTINUE 1
| #define HAVE_DECL_PT_TRACE_ME 1
| #define HAVE_DECL_PT_STEP 1
| #define HAVE_DECL_PT_SYSCALL 1
| #define RETSIGTYPE void
| #define HAVE_DL_ITERATE_PHDR 1
| /* end confdefs.h.  */
| /* Define ttrace to an innocuous variant, in case <limits.h> declares ttrace.
|    For example, HP-UX 11i <limits.h> declares gettimeofday.  */
| #define ttrace innocuous_ttrace
| 
| /* System header to define __stub macros and hopefully few prototypes,
|     which can conflict with char ttrace (); below.
|     Prefer <limits.h> to <assert.h> if __STDC__ is defined, since
|     <limits.h> exists even on freestanding compilers.  */
| 
| #ifdef __STDC__
| # include <limits.h>
| #else
| # include <assert.h>
| #endif
| 
| #undef ttrace
| 
| /* Override any GCC internal prototype to avoid an error.
|    Use char because int might match the return type of a GCC
|    builtin and then its argument prototype would still apply.  */
| #ifdef __cplusplus
| extern "C"
| #endif
| char ttrace ();
| /* The GNU C library defines this for functions which it implements
|     to always fail with ENOSYS.  Some functions are actually named
|     something starting with __ and the normal name is an alias.  */
| #if defined __stub_ttrace || defined __stub___ttrace
| choke me
| #endif
| 
| int
| main ()
| {
| return ttrace ();
|   ;
|   return 0;
| }
configure:17296: result: no
configure:17296: checking for mincore
configure:17296: gcc -o conftest -DHAVE_SGX=1 -DUNW_LOCAL_ONLY -O2 -fPIC -ffreestanding -fno-builtin -fno-delete-null-pointer-checks -fno-strict-overflow -fpie -fstack-protector -fvisibility=hidden -std=c99   -D_GNU_SOURCE  conftest.c  >&5
configure:17296: $? = 0
configure:17296: result: yes
configure:17319: checking if building with AltiVec
configure:17334: result: no
configure:17354: checking for build architecture
configure:17356: result: x86_64
configure:17358: checking for host architecture
configure:17360: result: x86_64
configure:17362: checking for target architecture
configure:17364: result: x86_64
configure:17366: checking for target operating system
configure:17368: result: linux-gnu
configure:17468: checking for ELF helper width
configure:17473: result: 64
configure:17504: checking whether to include DWARF support
configure:17519: result: yes
configure:17529: checking whether to restrict build to remote support
configure:17537: result: no
configure:17540: checking whether to enable debug support
configure:17554: result: no
configure:17557: checking whether to enable C++ exception support
configure:17583: result: yes
configure:17586: checking whether to load .debug_frame sections
configure:17604: result: no
configure:17607: checking whether to block signals during mutex ops
configure:17621: result: no
configure:17624: checking whether to validate memory addresses before use
configure:17638: result: yes
configure:17641: checking whether to enable msabi support
configure:17655: result: no
configure:17659: checking for __thread
configure:17668: gcc -DHAVE_SGX=1 -DUNW_LOCAL_ONLY -O2 -fPIC -ffreestanding -fno-builtin -fno-delete-null-pointer-checks -fno-strict-overflow -fpie -fstack-protector -fvisibility=hidden -std=c99  -c conftest.c >&5
configure:17671: $? = 0
configure:17679: result: yes
configure:17690: checking for Intel compiler
configure:17705: gcc -c -DHAVE_SGX=1 -DUNW_LOCAL_ONLY -O2 -fPIC -ffreestanding -fno-builtin -fno-delete-null-pointer-checks -fno-strict-overflow -fpie -fstack-protector -fvisibility=hidden -std=c99   -D_GNU_SOURCE -DNDEBUG conftest.c >&5
conftest.c: In function 'main':
conftest.c:60:2: error: #error choke me
 #error choke me
  ^~~~~
configure:17705: $? = 1
configure: failed program was:
| /* confdefs.h */
| #define PACKAGE_NAME "libunwind"
| #define PACKAGE_TARNAME "libunwind"
| #define PACKAGE_VERSION "1.0"
| #define PACKAGE_STRING "libunwind 1.0"
| #define PACKAGE_BUGREPORT "libunwind-devel@nongnu.org"
| #define PACKAGE_URL ""
| #define PACKAGE "libunwind"
| #define VERSION "1.0"
| #define STDC_HEADERS 1
| #define HAVE_SYS_TYPES_H 1
| #define HAVE_SYS_STAT_H 1
| #define HAVE_STDLIB_H 1
| #define HAVE_STRING_H 1
| #define HAVE_MEMORY_H 1
| #define HAVE_STRINGS_H 1
| #define HAVE_INTTYPES_H 1
| #define HAVE_STDINT_H 1
| #define HAVE_UNISTD_H 1
| #define HAVE_DLFCN_H 1
| #define LT_OBJDIR ".libs/"
| #define STDC_HEADERS 1
| #define HAVE_ENDIAN_H 1
| #define HAVE_EXECINFO_H 1
| #define HAVE_UNISTD_H 1
| #define HAVE_SIGNAL_H 1
| #define HAVE_SYS_TYPES_H 1
| #define HAVE_SYS_PROCFS_H 1
| #define HAVE_SYS_PTRACE_H 1
| #define HAVE_BYTESWAP_H 1
| #define RETSIGTYPE void
| #define SIZEOF_OFF_T 8
| #define HAVE_STRUCT_DL_PHDR_INFO_DLPI_SUBS 1
| #define HAVE_SIGHANDLER_T 1
| #define HAVE_STRUCT_ELF_PRSTATUS 1
| #define HAVE_DECL_PTRACE_POKEUSER 1
| #define HAVE_DECL_PTRACE_POKEDATA 1
| #define HAVE_DECL_PTRACE_TRACEME 1
| #define HAVE_DECL_PTRACE_CONT 1
| #define HAVE_DECL_PTRACE_SINGLESTEP 1
| #define HAVE_DECL_PTRACE_SYSCALL 1
| #define HAVE_DECL_PT_IO 0
| #define HAVE_DECL_PT_GETREGS 1
| #define HAVE_DECL_PT_GETFPREGS 1
| #define HAVE_DECL_PT_CONTINUE 1
| #define HAVE_DECL_PT_TRACE_ME 1
| #define HAVE_DECL_PT_STEP 1
| #define HAVE_DECL_PT_SYSCALL 1
| #define RETSIGTYPE void
| #define HAVE_DL_ITERATE_PHDR 1
| #define HAVE_MINCORE 1
| #define CONSERVATIVE_CHECKS 1
| #define HAVE___THREAD 1
| /* end confdefs.h.  */
| 
| int
| main ()
| {
| #ifndef __INTEL_COMPILER
| #error choke me
| #endif
|   ;
|   return 0;
| }
configure:17716: result: no
configure:17762: checking for library containing backtrace
configure:17793: gcc -o conftest -DHAVE_SGX=1 -DUNW_LOCAL_ONLY -O2 -fPIC -ffreestanding -fno-builtin -fno-delete-null-pointer-checks -fno-strict-overflow -fpie -fstack-protector -fvisibility=hidden -std=c99  -fexceptions -Wall -Wsign-compare  -D_GNU_SOURCE -DNDEBUG  conftest.c  >&5
configure:17793: $? = 0
configure:17810: result: none required
configure:17954: checking that generated files are newer than configure
configure:17960: result: done
configure:18071: creating ./config.status

## ---------------------- ##
## Running config.status. ##
## ---------------------- ##

This file was extended by libunwind config.status 1.0, which was
generated by GNU Autoconf 2.69.  Invocation command line was

  CONFIG_FILES    = 
  CONFIG_HEADERS  = 
  CONFIG_LINKS    = 
  CONFIG_COMMANDS = 
  $ ./config.status 

on 55cb45760db7

config.status:1248: creating Makefile
config.status:1248: creating src/Makefile
config.status:1248: creating include/libunwind-common.h
config.status:1248: creating include/libunwind.h
config.status:1248: creating include/tdep/libunwind_i.h
config.status:1248: creating include/config.h
config.status:1462: executing depfiles commands
config.status:1462: executing libtool commands

## ---------------- ##
## Cache variables. ##
## ---------------- ##

ac_cv_build=x86_64-unknown-linux-gnu
ac_cv_c_compiler_gnu=yes
ac_cv_c_const=yes
ac_cv_c_inline=inline
ac_cv_cxx_compiler_gnu=yes
ac_cv_env_CCASFLAGS_set=
ac_cv_env_CCASFLAGS_value=
ac_cv_env_CCAS_set=
ac_cv_env_CCAS_value=
ac_cv_env_CCC_set=
ac_cv_env_CCC_value=
ac_cv_env_CC_set=
ac_cv_env_CC_value=
ac_cv_env_CFLAGS_set=set
ac_cv_env_CFLAGS_value='-DHAVE_SGX=1 -DUNW_LOCAL_ONLY -O2 -fPIC -ffreestanding -fno-builtin -fno-delete-null-pointer-checks -fno-strict-overflow -fpie -fstack-protector -fvisibility=hidden -std=c99 '
ac_cv_env_CPPFLAGS_set=
ac_cv_env_CPPFLAGS_value=
ac_cv_env_CPP_set=
ac_cv_env_CPP_value=
ac_cv_env_CXXCPP_set=
ac_cv_env_CXXCPP_value=
ac_cv_env_CXXFLAGS_set=
ac_cv_env_CXXFLAGS_value=
ac_cv_env_CXX_set=
ac_cv_env_CXX_value=
ac_cv_env_LDFLAGS_set=
ac_cv_env_LDFLAGS_value=
ac_cv_env_LIBS_set=
ac_cv_env_LIBS_value=
ac_cv_env_LT_SYS_LIBRARY_PATH_set=
ac_cv_env_LT_SYS_LIBRARY_PATH_value=
ac_cv_env_build_alias_set=set
ac_cv_env_build_alias_value=x86_64-unknown-linux-gnu
ac_cv_env_host_alias_set=set
ac_cv_env_host_alias_value=x86_64-unknown-linux-gnu
ac_cv_env_target_alias_set=
ac_cv_env_target_alias_value=
ac_cv_func_dl_iterate_phdr=yes
ac_cv_func_dl_phdr_removals_counter=no
ac_cv_func_dlmodinfo=no
ac_cv_func_getunwind=no
ac_cv_func_memcmp_working=yes
ac_cv_func_mincore=yes
ac_cv_func_ttrace=no
ac_cv_have_decl_PTRACE_CONT=yes
ac_cv_have_decl_PTRACE_POKEDATA=yes
ac_cv_have_decl_PTRACE_POKEUSER=yes
ac_cv_have_decl_PTRACE_SINGLESTEP=yes
ac_cv_have_decl_PTRACE_SYSCALL=yes
ac_cv_have_decl_PTRACE_TRACEME=yes
ac_cv_have_decl_PT_CONTINUE=yes
ac_cv_have_decl_PT_GETFPREGS=yes
ac_cv_have_decl_PT_GETREGS=yes
ac_cv_have_decl_PT_IO=no
ac_cv_have_decl_PT_STEP=yes
ac_cv_have_decl_PT_SYSCALL=yes
ac_cv_have_decl_PT_TRACE_ME=yes
ac_cv_header_asm_ptrace_offsets_h=no
ac_cv_header_atomic_ops_h=no
ac_cv_header_byteswap_h=yes
ac_cv_header_dlfcn_h=yes
ac_cv_header_endian_h=yes
ac_cv_header_execinfo_h=yes
ac_cv_header_ia64intrin_h=no
ac_cv_header_inttypes_h=yes
ac_cv_header_memory_h=yes
ac_cv_header_signal_h=yes
ac_cv_header_stdc=yes
ac_cv_header_stdint_h=yes
ac_cv_header_stdlib_h=yes
ac_cv_header_string_h=yes
ac_cv_header_strings_h=yes
ac_cv_header_sys_endian_h=no
ac_cv_header_sys_procfs_h=yes
ac_cv_header_sys_ptrace_h=yes
ac_cv_header_sys_stat_h=yes
ac_cv_header_sys_types_h=yes
ac_cv_header_sys_uc_access_h=no
ac_cv_header_unistd_h=yes
ac_cv_host=x86_64-unknown-linux-gnu
ac_cv_lib_uca___uc_get_grs=no
ac_cv_member_struct_dl_phdr_info_dlpi_subs=yes
ac_cv_objext=o
ac_cv_path_EGREP='/bin/grep -E'
ac_cv_path_FGREP='/bin/grep -F'
ac_cv_path_GREP=/bin/grep
ac_cv_path_SED=/bin/sed
ac_cv_path_install='/usr/bin/install -c'
ac_cv_path_lt_DD=/bin/dd
ac_cv_path_mkdir=/bin/mkdir
ac_cv_prog_AWK=mawk
ac_cv_prog_CPP='gcc -E'
ac_cv_prog_CXXCPP='g++ -E'
ac_cv_prog_ac_ct_AR=ar
ac_cv_prog_ac_ct_CC=gcc
ac_cv_prog_ac_ct_CXX=g++
ac_cv_prog_ac_ct_OBJDUMP=objdump
ac_cv_prog_ac_ct_RANLIB=ranlib
ac_cv_prog_ac_ct_STRIP=strip
ac_cv_prog_cc_c89=
ac_cv_prog_cc_g=yes
ac_cv_prog_cxx_g=yes
ac_cv_prog_make_make_set=yes
ac_cv_search_backtrace='none required'
ac_cv_search_dlopen=-ldl
ac_cv_sizeof_off_t=8
ac_cv_target=x86_64-unknown-linux-gnu
ac_cv_type_sighandler_t=yes
ac_cv_type_signal=void
ac_cv_type_size_t=yes
ac_cv_type_struct_elf_prstatus=yes
ac_cv_type_struct_prstatus=no
am_cv_CCAS_dependencies_compiler_type=gcc3
am_cv_CC_dependencies_compiler_type=gcc3
am_cv_CXX_dependencies_compiler_type=gcc3
am_cv_make_support_nested_variables=yes
am_cv_prog_cc_c_o=yes
libc_cv_gcc___thread=yes
lt_cv_ar_at_file=@
lt_cv_deplibs_check_method=pass_all
lt_cv_file_magic_cmd='$MAGIC_CMD'
lt_cv_file_magic_test_file=
lt_cv_ld_reload_flag=-r
lt_cv_nm_interface='BSD nm'
lt_cv_objdir=.libs
lt_cv_path_LD=/usr/bin/ld
lt_cv_path_LDCXX='/usr/bin/ld -m elf_x86_64'
lt_cv_path_NM='/usr/bin/nm -B'
lt_cv_path_mainfest_tool=no
lt_cv_prog_compiler_c_o=yes
lt_cv_prog_compiler_c_o_CXX=yes
lt_cv_prog_compiler_pic='-fPIC -DPIC'
lt_cv_prog_compiler_pic_CXX='-fPIC -DPIC'
lt_cv_prog_compiler_pic_works=yes
lt_cv_prog_compiler_pic_works_CXX=yes
lt_cv_prog_compiler_rtti_exceptions=no
lt_cv_prog_compiler_static_works=yes
lt_cv_prog_compiler_static_works_CXX=yes
lt_cv_prog_gnu_ld=yes
lt_cv_prog_gnu_ldcxx=yes
lt_cv_sharedlib_from_linklib_cmd='printf %s\n'
lt_cv_shlibpath_overrides_runpath=no
lt_cv_sys_global_symbol_pipe='sed -n -e '\''s/^.*[	 ]\([ABCDGIRSTW][ABCDGIRSTW]*\)[	 ][	 ]*\([_A-Za-z][_A-Za-z0-9]*\)$/\1 \2 \2/p'\'' | sed '\''/ __gnu_lto/d'\'''
lt_cv_sys_global_symbol_to_c_name_address='sed -n -e '\''s/^: \(.*\) .*$/  {"\1", (void *) 0},/p'\'' -e '\''s/^[ABCDGIRSTW][ABCDGIRSTW]* .* \(.*\)$/  {"\1", (void *) \&\1},/p'\'''
lt_cv_sys_global_symbol_to_c_name_address_lib_prefix='sed -n -e '\''s/^: \(.*\) .*$/  {"\1", (void *) 0},/p'\'' -e '\''s/^[ABCDGIRSTW][ABCDGIRSTW]* .* \(lib.*\)$/  {"\1", (void *) \&\1},/p'\'' -e '\''s/^[ABCDGIRSTW][ABCDGIRSTW]* .* \(.*\)$/  {"lib\1", (void *) \&\1},/p'\'''
lt_cv_sys_global_symbol_to_cdecl='sed -n -e '\''s/^T .* \(.*\)$/extern int \1();/p'\'' -e '\''s/^[ABCDGIRSTW][ABCDGIRSTW]* .* \(.*\)$/extern char \1;/p'\'''
lt_cv_sys_global_symbol_to_import=
lt_cv_sys_max_cmd_len=1572864
lt_cv_to_host_file_cmd=func_convert_file_noop
lt_cv_to_tool_file_cmd=func_convert_file_noop
lt_cv_truncate_bin='/bin/dd bs=4096 count=1'

## ----------------- ##
## Output variables. ##
## ----------------- ##

ACLOCAL='${SHELL} /root/.cargo/git/checkouts/teaclave-sgx-sdk-be25c2ad2f03718d/a6a172e/sgx_unwind/libunwind/config/missing aclocal-1.15'
AMDEPBACKSLASH='\'
AMDEP_FALSE='#'
AMDEP_TRUE=''
AMTAR='$${TAR-tar}'
AM_BACKSLASH='\'
AM_DEFAULT_V='$(AM_DEFAULT_VERBOSITY)'
AM_DEFAULT_VERBOSITY='1'
AM_V='$(V)'
AR='ar'
ARCH='X86_64'
ARCH_ARM_FALSE=''
ARCH_ARM_TRUE='#'
ARCH_HPPA_FALSE=''
ARCH_HPPA_TRUE='#'
ARCH_IA64_FALSE=''
ARCH_IA64_TRUE='#'
ARCH_MIPS_FALSE=''
ARCH_MIPS_TRUE='#'
ARCH_PPC32_FALSE=''
ARCH_PPC32_TRUE='#'
ARCH_PPC64_FALSE=''
ARCH_PPC64_TRUE='#'
ARCH_X86_64_FALSE='#'
ARCH_X86_64_TRUE=''
ARCH_X86_FALSE=''
ARCH_X86_TRUE='#'
AUTOCONF='${SHELL} /root/.cargo/git/checkouts/teaclave-sgx-sdk-be25c2ad2f03718d/a6a172e/sgx_unwind/libunwind/config/missing autoconf'
AUTOHEADER='${SHELL} /root/.cargo/git/checkouts/teaclave-sgx-sdk-be25c2ad2f03718d/a6a172e/sgx_unwind/libunwind/config/missing autoheader'
AUTOMAKE='${SHELL} /root/.cargo/git/checkouts/teaclave-sgx-sdk-be25c2ad2f03718d/a6a172e/sgx_unwind/libunwind/config/missing automake-1.15'
AWK='mawk'
BACKTRACELIB=''
CC='gcc'
CCAS='gcc'
CCASDEPMODE='depmode=gcc3'
CCASFLAGS='-DHAVE_SGX=1 -DUNW_LOCAL_ONLY -O2 -fPIC -ffreestanding -fno-builtin -fno-delete-null-pointer-checks -fno-strict-overflow -fpie -fstack-protector -fvisibility=hidden -std=c99   -D_GNU_SOURCE -DNDEBUG'
CCDEPMODE='depmode=gcc3'
CFLAGS='-DHAVE_SGX=1 -DUNW_LOCAL_ONLY -O2 -fPIC -ffreestanding -fno-builtin -fno-delete-null-pointer-checks -fno-strict-overflow -fpie -fstack-protector -fvisibility=hidden -std=c99  -fexceptions -Wall -Wsign-compare'
CPP='gcc -E'
CPPFLAGS=' -D_GNU_SOURCE -DNDEBUG'
CXX='g++'
CXXCPP='g++ -E'
CXXDEPMODE='depmode=gcc3'
CXXFLAGS='-g -O2'
CYGPATH_W='echo'
DEFS='-DHAVE_CONFIG_H'
DEPDIR='.deps'
DLLIB='-ldl'
DLLTOOL='false'
DSYMUTIL=''
DUMPBIN=''
ECHO_C=''
ECHO_N='-n'
ECHO_T=''
EGREP='/bin/grep -E'
EXEEXT=''
FGREP='/bin/grep -F'
GREP='/bin/grep'
HAVE_BACKTRACE_FALSE='#'
HAVE_BACKTRACE_TRUE=''
INSTALL_DATA='${INSTALL} -m 644'
INSTALL_PROGRAM='${INSTALL}'
INSTALL_SCRIPT='${INSTALL}'
INSTALL_STRIP_PROGRAM='$(install_sh) -c -s'
LD='/usr/bin/ld -m elf_x86_64'
LDFLAGS=''
LDFLAGS_STATIC_LIBCXA=''
LIBCRTS='-lgcc'
LIBOBJS=''
LIBS=''
LIBTOOL='$(SHELL) $(top_builddir)/libtool'
LIPO=''
LN_S='ln -s'
LTLIBOBJS=''
LT_SYS_LIBRARY_PATH=''
MAINT='#'
MAINTAINER_MODE_FALSE=''
MAINTAINER_MODE_TRUE='#'
MAKEINFO='${SHELL} /root/.cargo/git/checkouts/teaclave-sgx-sdk-be25c2ad2f03718d/a6a172e/sgx_unwind/libunwind/config/missing makeinfo'
MANIFEST_TOOL=':'
MKDIR_P='/bin/mkdir -p'
NM='/usr/bin/nm -B'
NMEDIT=''
OBJDUMP='objdump'
OBJEXT='o'
OS_FREEBSD_FALSE=''
OS_FREEBSD_TRUE='#'
OS_HPUX_FALSE=''
OS_HPUX_TRUE='#'
OS_LINUX_FALSE='#'
OS_LINUX_TRUE=''
OTOOL64=''
OTOOL=''
PACKAGE='libunwind'
PACKAGE_BUGREPORT='libunwind-devel@nongnu.org'
PACKAGE_NAME='libunwind'
PACKAGE_STRING='libunwind 1.0'
PACKAGE_TARNAME='libunwind'
PACKAGE_URL=''
PACKAGE_VERSION='1.0'
PATH_SEPARATOR=':'
PKG_EXTRA=''
PKG_MAINTAINER='libunwind-devel@nongnu.org'
PKG_MAJOR='1'
PKG_MINOR='0'
RANLIB='ranlib'
REMOTE_ONLY_FALSE=''
REMOTE_ONLY_TRUE='#'
SED='/bin/sed'
SET_MAKE=''
SHELL='/bin/bash'
STRIP='strip'
SUPPORT_CXX_EXCEPTIONS_FALSE='#'
SUPPORT_CXX_EXCEPTIONS_TRUE=''
USE_ALTIVEC_FALSE=''
USE_ALTIVEC_TRUE='#'
USE_DWARF_FALSE='#'
USE_DWARF_TRUE=''
USE_ELF32_FALSE=''
USE_ELF32_TRUE='#'
USE_ELF64_FALSE='#'
USE_ELF64_TRUE=''
USE_ELFXX_FALSE=''
USE_ELFXX_TRUE='#'
VERSION='1.0'
ac_ct_AR='ar'
ac_ct_CC='gcc'
ac_ct_CXX='g++'
ac_ct_DUMPBIN=''
am__EXEEXT_FALSE=''
am__EXEEXT_TRUE='#'
am__fastdepCCAS_FALSE='#'
am__fastdepCCAS_TRUE=''
am__fastdepCC_FALSE='#'
am__fastdepCC_TRUE=''
am__fastdepCXX_FALSE='#'
am__fastdepCXX_TRUE=''
am__include='include'
am__isrc=' -I$(srcdir)'
am__leading_dot='.'
am__nodep='_no'
am__quote=''
am__tar='$${TAR-tar} chof - "$$tardir"'
am__untar='$${TAR-tar} xf -'
arch='x86_64'
bindir='${exec_prefix}/bin'
build='x86_64-unknown-linux-gnu'
build_alias='x86_64-unknown-linux-gnu'
build_arch='x86_64'
build_cpu='x86_64'
build_os='linux-gnu'
build_vendor='unknown'
datadir='${datarootdir}'
datarootdir='${prefix}/share'
docdir='${datarootdir}/doc/${PACKAGE_TARNAME}'
dvidir='${docdir}'
enable_cxx_exceptions='yes'
enable_debug_frame='no'
exec_prefix='${prefix}'
host='x86_64-unknown-linux-gnu'
host_alias='x86_64-unknown-linux-gnu'
host_cpu='x86_64'
host_os='linux-gnu'
host_vendor='unknown'
htmldir='${docdir}'
includedir='${prefix}/include'
infodir='${datarootdir}/info'
install_sh='${SHELL} /root/.cargo/git/checkouts/teaclave-sgx-sdk-be25c2ad2f03718d/a6a172e/sgx_unwind/libunwind/config/install-sh'
libdir='${exec_prefix}/lib'
libexecdir='${exec_prefix}/libexec'
localedir='${datarootdir}/locale'
localstatedir='${prefix}/var'
mandir='${datarootdir}/man'
mkdir_p='$(MKDIR_P)'
oldincludedir='/usr/include'
pdfdir='${docdir}'
prefix='/usr/local'
program_transform_name='s,x,x,'
psdir='${docdir}'
runstatedir='${localstatedir}/run'
sbindir='${exec_prefix}/sbin'
sharedstatedir='${prefix}/com'
sysconfdir='${prefix}/etc'
target='x86_64-unknown-linux-gnu'
target_alias=''
target_cpu='x86_64'
target_os='linux-gnu'
target_vendor='unknown'

## ----------- ##
## confdefs.h. ##
## ----------- ##

/* confdefs.h */
#define PACKAGE_NAME "libunwind"
#define PACKAGE_TARNAME "libunwind"
#define PACKAGE_VERSION "1.0"
#define PACKAGE_STRING "libunwind 1.0"
#define PACKAGE_BUGREPORT "libunwind-devel@nongnu.org"
#define PACKAGE_URL ""
#define PACKAGE "libunwind"
#define VERSION "1.0"
#define STDC_HEADERS 1
#define HAVE_SYS_TYPES_H 1
#define HAVE_SYS_STAT_H 1
#define HAVE_STDLIB_H 1
#define HAVE_STRING_H 1
#define HAVE_MEMORY_H 1
#define HAVE_STRINGS_H 1
#define HAVE_INTTYPES_H 1
#define HAVE_STDINT_H 1
#define HAVE_UNISTD_H 1
#define HAVE_DLFCN_H 1
#define LT_OBJDIR ".libs/"
#define STDC_HEADERS 1
#define HAVE_ENDIAN_H 1
#define HAVE_EXECINFO_H 1
#define HAVE_UNISTD_H 1
#define HAVE_SIGNAL_H 1
#define HAVE_SYS_TYPES_H 1
#define HAVE_SYS_PROCFS_H 1
#define HAVE_SYS_PTRACE_H 1
#define HAVE_BYTESWAP_H 1
#define RETSIGTYPE void
#define SIZEOF_OFF_T 8
#define HAVE_STRUCT_DL_PHDR_INFO_DLPI_SUBS 1
#define HAVE_SIGHANDLER_T 1
#define HAVE_STRUCT_ELF_PRSTATUS 1
#define HAVE_DECL_PTRACE_POKEUSER 1
#define HAVE_DECL_PTRACE_POKEDATA 1
#define HAVE_DECL_PTRACE_TRACEME 1
#define HAVE_DECL_PTRACE_CONT 1
#define HAVE_DECL_PTRACE_SINGLESTEP 1
#define HAVE_DECL_PTRACE_SYSCALL 1
#define HAVE_DECL_PT_IO 0
#define HAVE_DECL_PT_GETREGS 1
#define HAVE_DECL_PT_GETFPREGS 1
#define HAVE_DECL_PT_CONTINUE 1
#define HAVE_DECL_PT_TRACE_ME 1
#define HAVE_DECL_PT_STEP 1
#define HAVE_DECL_PT_SYSCALL 1
#define RETSIGTYPE void
#define HAVE_DL_ITERATE_PHDR 1
#define HAVE_MINCORE 1
#define CONSERVATIVE_CHECKS 1
#define HAVE___THREAD 1

configure: exit 0
